INFO  - 2017-03-17 06:26:44.133; [   ] org.eclipse.jetty.util.log.Log; Logging initialized @798ms
INFO  - 2017-03-17 06:26:44.481; [   ] org.eclipse.jetty.server.Server; jetty-9.3.14.v20161028
INFO  - 2017-03-17 06:26:44.552; [   ] org.eclipse.jetty.deploy.providers.ScanningAppProvider; Deployment monitor [file:///var/www/sepray.com/solr-6.4.2/server/contexts/] at interval 0
INFO  - 2017-03-17 06:26:45.195; [   ] org.eclipse.jetty.webapp.StandardDescriptorProcessor; NO JSP Support for /solr, did not find org.apache.jasper.servlet.JspServlet
INFO  - 2017-03-17 06:26:45.274; [   ] org.apache.solr.servlet.SolrDispatchFilter;  ___      _       Welcome to Apache Solr™ version 6.4.2
INFO  - 2017-03-17 06:26:45.281; [   ] org.apache.solr.servlet.SolrDispatchFilter; / __| ___| |_ _   Starting in cloud mode on port 7574
INFO  - 2017-03-17 06:26:45.282; [   ] org.apache.solr.servlet.SolrDispatchFilter; \__ \/ _ \ | '_|  Install dir: /var/www/sepray.com/solr-6.4.2
INFO  - 2017-03-17 06:26:45.310; [   ] org.apache.solr.servlet.SolrDispatchFilter; |___/\___/_|_|    Start time: 2017-03-17T06:26:45.284Z
INFO  - 2017-03-17 06:26:45.336; [   ] org.apache.solr.core.SolrResourceLoader; Using system property solr.solr.home: /var/www/sepray.com/solr-6.4.2/example/cloud/node2/solr
INFO  - 2017-03-17 06:26:45.448; [   ] org.apache.solr.servlet.SolrDispatchFilter; Loading solr.xml from SolrHome (not found in ZooKeeper)
INFO  - 2017-03-17 06:26:45.451; [   ] org.apache.solr.core.SolrXmlConfig; Loading container configuration from /var/www/sepray.com/solr-6.4.2/example/cloud/node2/solr/solr.xml
INFO  - 2017-03-17 06:26:46.049; [   ] org.apache.solr.update.UpdateShardHandler; Creating UpdateShardHandler HTTP client with params: socketTimeout=600000&connTimeout=60000&retry=true
INFO  - 2017-03-17 06:26:46.056; [   ] org.apache.solr.core.ZkContainer; Zookeeper client=localhost:9983
INFO  - 2017-03-17 06:26:46.186; [   ] org.apache.solr.common.cloud.ZkStateReader; Updated live nodes from ZooKeeper... (0) -> (1)
INFO  - 2017-03-17 06:26:46.315; [   ] org.apache.solr.cloud.ZkController; Register node as live in ZooKeeper:/live_nodes/127.0.1.1:7574_solr
INFO  - 2017-03-17 06:26:46.328; [   ] org.apache.solr.common.cloud.ZkStateReader; Updated live nodes from ZooKeeper... (1) -> (2)
INFO  - 2017-03-17 06:26:46.579; [   ] org.apache.solr.core.CorePropertiesLocator; Found 0 core definitions underneath /var/www/sepray.com/solr-6.4.2/example/cloud/node2/solr
INFO  - 2017-03-17 06:26:46.736; [   ] org.eclipse.jetty.server.handler.ContextHandler; Started o.e.j.w.WebAppContext@59e5ddf{/solr,file:///var/www/sepray.com/solr-6.4.2/server/solr-webapp/webapp/,AVAILABLE}{/var/www/sepray.com/solr-6.4.2/server/solr-webapp/webapp}
INFO  - 2017-03-17 06:26:46.746; [   ] org.eclipse.jetty.server.AbstractConnector; Started ServerConnector@53fb3dab{HTTP/1.1,[http/1.1]}{0.0.0.0:7574}
INFO  - 2017-03-17 06:26:46.746; [   ] org.eclipse.jetty.server.Server; Started @3415ms
INFO  - 2017-03-17 06:26:47.938; [   ] org.apache.solr.servlet.HttpSolrCall; [admin] webapp=null path=/admin/info/system params={wt=json} status=0 QTime=92
INFO  - 2017-03-17 06:26:48.029; [   ] org.apache.solr.handler.admin.CollectionsHandler; Invoked Collection Action :clusterstatus with params action=CLUSTERSTATUS&wt=json and sendToOCPQueue=true
INFO  - 2017-03-17 06:26:48.034; [   ] org.apache.solr.servlet.HttpSolrCall; [admin] webapp=null path=/admin/collections params={action=CLUSTERSTATUS&wt=json} status=0 QTime=46
INFO  - 2017-03-17 06:26:49.289; [   ] org.apache.solr.handler.admin.CoreAdminOperation; core create command qt=/admin/cores&collection.configName=gettingstarted&newCollection=true&name=gettingstarted_shard2_replica1&action=CREATE&numShards=2&collection=gettingstarted&shard=shard2&wt=javabin&version=2
INFO  - 2017-03-17 06:26:49.304; [   ] org.apache.solr.handler.admin.CoreAdminOperation; core create command qt=/admin/cores&collection.configName=gettingstarted&newCollection=true&name=gettingstarted_shard1_replica1&action=CREATE&numShards=2&collection=gettingstarted&shard=shard1&wt=javabin&version=2
INFO  - 2017-03-17 06:26:49.543; [   ] org.apache.solr.common.cloud.ZkStateReader$StateWatcher; A cluster state change: [WatchedEvent state:SyncConnected type:NodeDataChanged path:/collections/gettingstarted/state.json] for collection [gettingstarted] has occurred - updating... (live nodes size: [2])
INFO  - 2017-03-17 06:26:50.776; [c:gettingstarted s:shard1  x:gettingstarted_shard1_replica1] org.apache.solr.core.RequestParams; conf resource params.json loaded . version : 0 
INFO  - 2017-03-17 06:26:50.779; [c:gettingstarted s:shard1  x:gettingstarted_shard1_replica1] org.apache.solr.core.RequestParams; request params refreshed to version 0
INFO  - 2017-03-17 06:26:50.783; [c:gettingstarted s:shard2  x:gettingstarted_shard2_replica1] org.apache.solr.core.RequestParams; conf resource params.json loaded . version : 0 
INFO  - 2017-03-17 06:26:50.787; [c:gettingstarted s:shard2  x:gettingstarted_shard2_replica1] org.apache.solr.core.RequestParams; request params refreshed to version 0
INFO  - 2017-03-17 06:26:50.849; [c:gettingstarted s:shard2  x:gettingstarted_shard2_replica1] org.apache.solr.core.SolrResourceLoader; [gettingstarted_shard2_replica1] Added 51 libs to classloader, from paths: [/var/www/sepray.com/solr-6.4.2/contrib/clustering/lib, /var/www/sepray.com/solr-6.4.2/contrib/extraction/lib, /var/www/sepray.com/solr-6.4.2/contrib/langid/lib, /var/www/sepray.com/solr-6.4.2/contrib/velocity/lib, /var/www/sepray.com/solr-6.4.2/dist]
INFO  - 2017-03-17 06:26:50.852; [c:gettingstarted s:shard1  x:gettingstarted_shard1_replica1] org.apache.solr.core.SolrResourceLoader; [gettingstarted_shard1_replica1] Added 51 libs to classloader, from paths: [/var/www/sepray.com/solr-6.4.2/contrib/clustering/lib, /var/www/sepray.com/solr-6.4.2/contrib/extraction/lib, /var/www/sepray.com/solr-6.4.2/contrib/langid/lib, /var/www/sepray.com/solr-6.4.2/contrib/velocity/lib, /var/www/sepray.com/solr-6.4.2/dist]
INFO  - 2017-03-17 06:26:51.741; [c:gettingstarted s:shard1  x:gettingstarted_shard1_replica1] org.apache.solr.core.SolrConfig; Using Lucene MatchVersion: 6.4.2
INFO  - 2017-03-17 06:26:51.747; [c:gettingstarted s:shard2  x:gettingstarted_shard2_replica1] org.apache.solr.core.SolrConfig; Using Lucene MatchVersion: 6.4.2
INFO  - 2017-03-17 06:26:53.382; [c:gettingstarted s:shard2  x:gettingstarted_shard2_replica1] org.apache.solr.schema.IndexSchema; [gettingstarted_shard2_replica1] Schema name=example-data-driven-schema
INFO  - 2017-03-17 06:26:53.403; [c:gettingstarted s:shard1  x:gettingstarted_shard1_replica1] org.apache.solr.schema.IndexSchema; [gettingstarted_shard1_replica1] Schema name=example-data-driven-schema
WARN  - 2017-03-17 06:26:54.348; [c:gettingstarted s:shard2  x:gettingstarted_shard2_replica1] org.apache.solr.core.SolrResourceLoader; Solr loaded a deprecated plugin/analysis class [solr.SynonymFilterFactory]. Please consult documentation how to replace it accordingly.
INFO  - 2017-03-17 06:26:57.373; [c:gettingstarted s:shard2  x:gettingstarted_shard2_replica1] org.apache.solr.schema.IndexSchema; Loaded schema example-data-driven-schema/1.6 with uniqueid field id
INFO  - 2017-03-17 06:26:57.374; [c:gettingstarted s:shard1  x:gettingstarted_shard1_replica1] org.apache.solr.schema.IndexSchema; Loaded schema example-data-driven-schema/1.6 with uniqueid field id
INFO  - 2017-03-17 06:26:57.751; [c:gettingstarted s:shard1  x:gettingstarted_shard1_replica1] org.apache.solr.core.CoreContainer; Creating SolrCore 'gettingstarted_shard1_replica1' using configuration from collection gettingstarted
INFO  - 2017-03-17 06:26:57.767; [c:gettingstarted s:shard2  x:gettingstarted_shard2_replica1] org.apache.solr.core.CoreContainer; Creating SolrCore 'gettingstarted_shard2_replica1' using configuration from collection gettingstarted
INFO  - 2017-03-17 06:26:57.834; [c:gettingstarted s:shard1  x:gettingstarted_shard1_replica1] org.apache.solr.core.SolrCore; [[gettingstarted_shard1_replica1] ] Opening new SolrCore at [/var/www/sepray.com/solr-6.4.2/example/cloud/node2/solr/gettingstarted_shard1_replica1], dataDir=[/var/www/sepray.com/solr-6.4.2/example/cloud/node2/solr/gettingstarted_shard1_replica1/data/]
INFO  - 2017-03-17 06:26:57.837; [c:gettingstarted s:shard2  x:gettingstarted_shard2_replica1] org.apache.solr.core.SolrCore; [[gettingstarted_shard2_replica1] ] Opening new SolrCore at [/var/www/sepray.com/solr-6.4.2/example/cloud/node2/solr/gettingstarted_shard2_replica1], dataDir=[/var/www/sepray.com/solr-6.4.2/example/cloud/node2/solr/gettingstarted_shard2_replica1/data/]
INFO  - 2017-03-17 06:26:57.840; [c:gettingstarted s:shard1  x:gettingstarted_shard1_replica1] org.apache.solr.core.JmxMonitoredMap; JMX monitoring is enabled. Adding Solr mbeans to JMX Server: com.sun.jmx.mbeanserver.JmxMBeanServer@3ee37e5a
INFO  - 2017-03-17 06:26:57.851; [c:gettingstarted s:shard2  x:gettingstarted_shard2_replica1] org.apache.solr.core.JmxMonitoredMap; JMX monitoring is enabled. Adding Solr mbeans to JMX Server: com.sun.jmx.mbeanserver.JmxMBeanServer@3ee37e5a
INFO  - 2017-03-17 06:26:58.230; [c:gettingstarted s:shard1  x:gettingstarted_shard1_replica1] org.apache.solr.response.XSLTResponseWriter; xsltCacheLifetimeSeconds=5
INFO  - 2017-03-17 06:26:58.235; [c:gettingstarted s:shard2  x:gettingstarted_shard2_replica1] org.apache.solr.response.XSLTResponseWriter; xsltCacheLifetimeSeconds=5
INFO  - 2017-03-17 06:27:00.324; [c:gettingstarted s:shard2  x:gettingstarted_shard2_replica1] org.apache.solr.update.UpdateHandler; Using UpdateLog implementation: org.apache.solr.update.UpdateLog
INFO  - 2017-03-17 06:27:00.329; [c:gettingstarted s:shard1  x:gettingstarted_shard1_replica1] org.apache.solr.update.UpdateHandler; Using UpdateLog implementation: org.apache.solr.update.UpdateLog
INFO  - 2017-03-17 06:27:00.331; [c:gettingstarted s:shard1  x:gettingstarted_shard1_replica1] org.apache.solr.update.UpdateLog; Initializing UpdateLog: dataDir= defaultSyncLevel=FLUSH numRecordsToKeep=100 maxNumLogsToKeep=10 numVersionBuckets=65536
INFO  - 2017-03-17 06:27:00.333; [c:gettingstarted s:shard2  x:gettingstarted_shard2_replica1] org.apache.solr.update.UpdateLog; Initializing UpdateLog: dataDir= defaultSyncLevel=FLUSH numRecordsToKeep=100 maxNumLogsToKeep=10 numVersionBuckets=65536
INFO  - 2017-03-17 06:27:00.415; [c:gettingstarted s:shard2  x:gettingstarted_shard2_replica1] org.apache.solr.update.CommitTracker; Hard AutoCommit: if uncommited for 15000ms; 
INFO  - 2017-03-17 06:27:00.416; [c:gettingstarted s:shard2  x:gettingstarted_shard2_replica1] org.apache.solr.update.CommitTracker; Soft AutoCommit: disabled
INFO  - 2017-03-17 06:27:00.418; [c:gettingstarted s:shard1  x:gettingstarted_shard1_replica1] org.apache.solr.update.CommitTracker; Hard AutoCommit: if uncommited for 15000ms; 
INFO  - 2017-03-17 06:27:00.419; [c:gettingstarted s:shard1  x:gettingstarted_shard1_replica1] org.apache.solr.update.CommitTracker; Soft AutoCommit: disabled
INFO  - 2017-03-17 06:27:00.580; [c:gettingstarted s:shard2  x:gettingstarted_shard2_replica1] org.apache.solr.search.SolrIndexSearcher; Opening [Searcher@27768700[gettingstarted_shard2_replica1] main]
INFO  - 2017-03-17 06:27:00.580; [c:gettingstarted s:shard1  x:gettingstarted_shard1_replica1] org.apache.solr.search.SolrIndexSearcher; Opening [Searcher@7cd9560f[gettingstarted_shard1_replica1] main]
INFO  - 2017-03-17 06:27:00.654; [c:gettingstarted s:shard2  x:gettingstarted_shard2_replica1] org.apache.solr.rest.ManagedResourceStorage$ZooKeeperStorageIO; Configured ZooKeeperStorageIO with znodeBase: /configs/gettingstarted
INFO  - 2017-03-17 06:27:00.677; [c:gettingstarted s:shard1  x:gettingstarted_shard1_replica1] org.apache.solr.rest.ManagedResourceStorage$ZooKeeperStorageIO; Configured ZooKeeperStorageIO with znodeBase: /configs/gettingstarted
INFO  - 2017-03-17 06:27:00.760; [c:gettingstarted s:shard2  x:gettingstarted_shard2_replica1] org.apache.solr.rest.ManagedResourceStorage; Loaded null at path _rest_managed.json using ZooKeeperStorageIO:path=/configs/gettingstarted
INFO  - 2017-03-17 06:27:00.763; [c:gettingstarted s:shard1  x:gettingstarted_shard1_replica1] org.apache.solr.rest.ManagedResourceStorage; Loaded null at path _rest_managed.json using ZooKeeperStorageIO:path=/configs/gettingstarted
INFO  - 2017-03-17 06:27:00.765; [c:gettingstarted s:shard2  x:gettingstarted_shard2_replica1] org.apache.solr.schema.ZkIndexSchemaReader; Creating ZooKeeper watch for the managed schema at /configs/gettingstarted/managed-schema
INFO  - 2017-03-17 06:27:00.765; [c:gettingstarted s:shard1  x:gettingstarted_shard1_replica1] org.apache.solr.schema.ZkIndexSchemaReader; Creating ZooKeeper watch for the managed schema at /configs/gettingstarted/managed-schema
INFO  - 2017-03-17 06:27:00.782; [   ] org.apache.solr.common.cloud.ZkStateReader$StateWatcher; A cluster state change: [WatchedEvent state:SyncConnected type:NodeDataChanged path:/collections/gettingstarted/state.json] for collection [gettingstarted] has occurred - updating... (live nodes size: [2])
INFO  - 2017-03-17 06:27:00.794; [c:gettingstarted s:shard1  x:gettingstarted_shard1_replica1] org.apache.solr.schema.ZkIndexSchemaReader; Current schema version 0 is already the latest
INFO  - 2017-03-17 06:27:00.797; [c:gettingstarted s:shard2  x:gettingstarted_shard2_replica1] org.apache.solr.schema.ZkIndexSchemaReader; Current schema version 0 is already the latest
INFO  - 2017-03-17 06:27:00.844; [c:gettingstarted s:shard2  x:gettingstarted_shard2_replica1] org.apache.solr.handler.component.SpellCheckComponent; Initializing spell checkers
INFO  - 2017-03-17 06:27:00.852; [c:gettingstarted s:shard2  x:gettingstarted_shard2_replica1] org.apache.solr.spelling.DirectSolrSpellChecker; init: {name=default,field=_text_,classname=solr.DirectSolrSpellChecker,distanceMeasure=internal,accuracy=0.5,maxEdits=2,minPrefix=1,maxInspections=5,minQueryLength=4,maxQueryFrequency=0.01}
INFO  - 2017-03-17 06:27:00.847; [c:gettingstarted s:shard1  x:gettingstarted_shard1_replica1] org.apache.solr.handler.component.SpellCheckComponent; Initializing spell checkers
INFO  - 2017-03-17 06:27:00.868; [c:gettingstarted s:shard1  x:gettingstarted_shard1_replica1] org.apache.solr.spelling.DirectSolrSpellChecker; init: {name=default,field=_text_,classname=solr.DirectSolrSpellChecker,distanceMeasure=internal,accuracy=0.5,maxEdits=2,minPrefix=1,maxInspections=5,minQueryLength=4,maxQueryFrequency=0.01}
INFO  - 2017-03-17 06:27:00.956; [   ] org.apache.solr.common.cloud.ZkStateReader$StateWatcher; A cluster state change: [WatchedEvent state:SyncConnected type:NodeDataChanged path:/collections/gettingstarted/state.json] for collection [gettingstarted] has occurred - updating... (live nodes size: [2])
INFO  - 2017-03-17 06:27:00.976; [c:gettingstarted s:shard1  x:gettingstarted_shard1_replica1] org.apache.solr.handler.ReplicationHandler; Commits will be reserved for  10000
INFO  - 2017-03-17 06:27:00.981; [c:gettingstarted s:shard2  x:gettingstarted_shard2_replica1] org.apache.solr.handler.ReplicationHandler; Commits will be reserved for  10000
INFO  - 2017-03-17 06:27:01.088; [c:gettingstarted s:shard1  x:gettingstarted_shard1_replica1] org.apache.solr.core.QuerySenderListener; QuerySenderListener sending requests to Searcher@7cd9560f[gettingstarted_shard1_replica1] main{ExitableDirectoryReader(UninvertingDirectoryReader())}
INFO  - 2017-03-17 06:27:01.089; [c:gettingstarted s:shard1  x:gettingstarted_shard1_replica1] org.apache.solr.core.QuerySenderListener; QuerySenderListener done.
INFO  - 2017-03-17 06:27:01.089; [c:gettingstarted s:shard1  x:gettingstarted_shard1_replica1] org.apache.solr.handler.component.SpellCheckComponent$SpellCheckerListener; Loading spell index for spellchecker: default
INFO  - 2017-03-17 06:27:01.094; [c:gettingstarted s:shard1  x:gettingstarted_shard1_replica1] org.apache.solr.core.SolrCore; [gettingstarted_shard1_replica1] Registered new searcher Searcher@7cd9560f[gettingstarted_shard1_replica1] main{ExitableDirectoryReader(UninvertingDirectoryReader())}
INFO  - 2017-03-17 06:27:01.106; [c:gettingstarted s:shard2  x:gettingstarted_shard2_replica1] org.apache.solr.core.QuerySenderListener; QuerySenderListener sending requests to Searcher@27768700[gettingstarted_shard2_replica1] main{ExitableDirectoryReader(UninvertingDirectoryReader())}
INFO  - 2017-03-17 06:27:01.135; [c:gettingstarted s:shard2  x:gettingstarted_shard2_replica1] org.apache.solr.core.QuerySenderListener; QuerySenderListener done.
INFO  - 2017-03-17 06:27:01.136; [c:gettingstarted s:shard2  x:gettingstarted_shard2_replica1] org.apache.solr.handler.component.SpellCheckComponent$SpellCheckerListener; Loading spell index for spellchecker: default
INFO  - 2017-03-17 06:27:01.140; [c:gettingstarted s:shard2  x:gettingstarted_shard2_replica1] org.apache.solr.core.SolrCore; [gettingstarted_shard2_replica1] Registered new searcher Searcher@27768700[gettingstarted_shard2_replica1] main{ExitableDirectoryReader(UninvertingDirectoryReader())}
INFO  - 2017-03-17 06:27:01.154; [c:gettingstarted s:shard2  x:gettingstarted_shard2_replica1] org.apache.solr.update.UpdateLog; Could not find max version in index or recent updates, using new clock 1562097243813576704
INFO  - 2017-03-17 06:27:01.155; [c:gettingstarted s:shard1  x:gettingstarted_shard1_replica1] org.apache.solr.update.UpdateLog; Could not find max version in index or recent updates, using new clock 1562097243814625280
INFO  - 2017-03-17 06:27:01.290; [c:gettingstarted s:shard2 r:core_node4 x:gettingstarted_shard2_replica1] org.apache.solr.core.SolrCore; [gettingstarted_shard2_replica1]  webapp=/solr path=/get params={distrib=false&qt=/get&fingerprint=false&getVersions=100&wt=javabin&version=2} status=0 QTime=4
INFO  - 2017-03-17 06:27:01.306; [c:gettingstarted s:shard1 r:core_node3 x:gettingstarted_shard1_replica1] org.apache.solr.core.SolrCore; [gettingstarted_shard1_replica1]  webapp=/solr path=/get params={distrib=false&qt=/get&fingerprint=false&getVersions=100&wt=javabin&version=2} status=0 QTime=2
INFO  - 2017-03-17 06:27:01.615; [   ] org.apache.solr.common.cloud.ZkStateReader$StateWatcher; A cluster state change: [WatchedEvent state:SyncConnected type:NodeDataChanged path:/collections/gettingstarted/state.json] for collection [gettingstarted] has occurred - updating... (live nodes size: [2])
INFO  - 2017-03-17 06:27:01.781; [   ] org.apache.solr.common.cloud.ZkStateReader$StateWatcher; A cluster state change: [WatchedEvent state:SyncConnected type:NodeDataChanged path:/collections/gettingstarted/state.json] for collection [gettingstarted] has occurred - updating... (live nodes size: [2])
INFO  - 2017-03-17 06:27:02.291; [c:gettingstarted s:shard1  x:gettingstarted_shard1_replica1] org.apache.solr.servlet.HttpSolrCall; [admin] webapp=null path=/admin/cores params={qt=/admin/cores&collection.configName=gettingstarted&newCollection=true&name=gettingstarted_shard1_replica1&action=CREATE&numShards=2&collection=gettingstarted&shard=shard1&wt=javabin&version=2} status=0 QTime=13007
INFO  - 2017-03-17 06:27:02.319; [c:gettingstarted s:shard2  x:gettingstarted_shard2_replica1] org.apache.solr.servlet.HttpSolrCall; [admin] webapp=null path=/admin/cores params={qt=/admin/cores&collection.configName=gettingstarted&newCollection=true&name=gettingstarted_shard2_replica1&action=CREATE&numShards=2&collection=gettingstarted&shard=shard2&wt=javabin&version=2} status=0 QTime=13042
INFO  - 2017-03-17 06:27:02.430; [   ] org.apache.solr.common.cloud.ZkStateReader$StateWatcher; A cluster state change: [WatchedEvent state:SyncConnected type:NodeDataChanged path:/collections/gettingstarted/state.json] for collection [gettingstarted] has occurred - updating... (live nodes size: [2])
INFO  - 2017-03-17 06:27:03.568; [   ] org.apache.solr.core.SolrCore; config update listener called for core gettingstarted_shard2_replica1
INFO  - 2017-03-17 06:27:03.571; [   ] org.apache.solr.core.SolrCore; core reload gettingstarted_shard2_replica1
INFO  - 2017-03-17 06:27:03.737; [   ] org.apache.solr.core.RequestParams; conf resource params.json loaded . version : 0 
INFO  - 2017-03-17 06:27:03.738; [   ] org.apache.solr.core.RequestParams; request params refreshed to version 0
INFO  - 2017-03-17 06:27:03.759; [   ] org.apache.solr.core.SolrResourceLoader; [gettingstarted_shard2_replica1] Added 51 libs to classloader, from paths: [/var/www/sepray.com/solr-6.4.2/contrib/clustering/lib, /var/www/sepray.com/solr-6.4.2/contrib/extraction/lib, /var/www/sepray.com/solr-6.4.2/contrib/langid/lib, /var/www/sepray.com/solr-6.4.2/contrib/velocity/lib, /var/www/sepray.com/solr-6.4.2/dist]
INFO  - 2017-03-17 06:27:03.866; [c:gettingstarted s:shard1 r:core_node3 x:gettingstarted_shard1_replica1] org.apache.solr.handler.SolrConfigHandler$Command; expecting overlay version 0 but my version is -1
INFO  - 2017-03-17 06:27:03.870; [c:gettingstarted s:shard2 r:core_node4 x:gettingstarted_shard2_replica1] org.apache.solr.handler.SolrConfigHandler$Command; expecting overlay version 0 but my version is -1
INFO  - 2017-03-17 06:27:03.939; [c:gettingstarted s:shard2 r:core_node4 x:gettingstarted_shard2_replica1] org.apache.solr.core.SolrCore; [gettingstarted_shard2_replica1]  webapp=/solr path=/config/znodeVersion params={overlay=0&wt=javabin&version=2} status=0 QTime=82
INFO  - 2017-03-17 06:27:03.941; [c:gettingstarted s:shard1 r:core_node3 x:gettingstarted_shard1_replica1] org.apache.solr.core.SolrCore; [gettingstarted_shard1_replica1]  webapp=/solr path=/config/znodeVersion params={overlay=0&wt=javabin&version=2} status=0 QTime=79
INFO  - 2017-03-17 06:27:03.948; [c:gettingstarted s:shard1 r:core_node3 x:gettingstarted_shard1_replica1] org.apache.solr.handler.SolrConfigHandler$Command; Trying to update my configs
INFO  - 2017-03-17 06:27:03.949; [c:gettingstarted s:shard1 r:core_node3 x:gettingstarted_shard1_replica1] org.apache.solr.core.SolrCore; config update listener called for core gettingstarted_shard1_replica1
INFO  - 2017-03-17 06:27:03.950; [c:gettingstarted s:shard1 r:core_node3 x:gettingstarted_shard1_replica1] org.apache.solr.core.SolrCore; core reload gettingstarted_shard1_replica1
INFO  - 2017-03-17 06:27:03.956; [c:gettingstarted s:shard2 r:core_node4 x:gettingstarted_shard2_replica1] org.apache.solr.handler.SolrConfigHandler$Command; Trying to update my configs
INFO  - 2017-03-17 06:27:03.957; [c:gettingstarted s:shard2 r:core_node4 x:gettingstarted_shard2_replica1] org.apache.solr.core.SolrCore; config update listener called for core gettingstarted_shard2_replica1
INFO  - 2017-03-17 06:27:03.999; [c:gettingstarted s:shard2 r:core_node4 x:gettingstarted_shard2_replica1] org.apache.solr.core.SolrCore; core reload gettingstarted_shard2_replica1
INFO  - 2017-03-17 06:27:04.092; [   ] org.apache.solr.core.SolrConfig; Using Lucene MatchVersion: 6.4.2
INFO  - 2017-03-17 06:27:04.154; [c:gettingstarted s:shard1 r:core_node3 x:gettingstarted_shard1_replica1] org.apache.solr.core.RequestParams; conf resource params.json loaded . version : 0 
INFO  - 2017-03-17 06:27:04.155; [c:gettingstarted s:shard1 r:core_node3 x:gettingstarted_shard1_replica1] org.apache.solr.core.RequestParams; request params refreshed to version 0
INFO  - 2017-03-17 06:27:04.166; [c:gettingstarted s:shard2 r:core_node4 x:gettingstarted_shard2_replica1] org.apache.solr.handler.SolrConfigHandler$Command; expecting overlay version 0 but my version is -1
INFO  - 2017-03-17 06:27:04.169; [c:gettingstarted s:shard1 r:core_node3 x:gettingstarted_shard1_replica1] org.apache.solr.core.SolrResourceLoader; [gettingstarted_shard1_replica1] Added 51 libs to classloader, from paths: [/var/www/sepray.com/solr-6.4.2/contrib/clustering/lib, /var/www/sepray.com/solr-6.4.2/contrib/extraction/lib, /var/www/sepray.com/solr-6.4.2/contrib/langid/lib, /var/www/sepray.com/solr-6.4.2/contrib/velocity/lib, /var/www/sepray.com/solr-6.4.2/dist]
INFO  - 2017-03-17 06:27:04.177; [c:gettingstarted s:shard1 r:core_node3 x:gettingstarted_shard1_replica1] org.apache.solr.handler.SolrConfigHandler$Command; expecting overlay version 0 but my version is -1
INFO  - 2017-03-17 06:27:04.191; [c:gettingstarted s:shard2 r:core_node4 x:gettingstarted_shard2_replica1] org.apache.solr.core.SolrCore; [gettingstarted_shard2_replica1]  webapp=/solr path=/config/znodeVersion params={overlay=0&wt=javabin&version=2} status=0 QTime=25
INFO  - 2017-03-17 06:27:04.195; [c:gettingstarted s:shard2 r:core_node4 x:gettingstarted_shard2_replica1] org.apache.solr.handler.SolrConfigHandler$Command; Another reload is in progress . Not doing anything
INFO  - 2017-03-17 06:27:04.202; [c:gettingstarted s:shard1 r:core_node3 x:gettingstarted_shard1_replica1] org.apache.solr.core.SolrCore; [gettingstarted_shard1_replica1]  webapp=/solr path=/config/znodeVersion params={overlay=0&wt=javabin&version=2} status=0 QTime=25
INFO  - 2017-03-17 06:27:04.204; [c:gettingstarted s:shard1 r:core_node3 x:gettingstarted_shard1_replica1] org.apache.solr.handler.SolrConfigHandler$Command; Another reload is in progress . Not doing anything
INFO  - 2017-03-17 06:27:04.377; [c:gettingstarted s:shard1 r:core_node3 x:gettingstarted_shard1_replica1] org.apache.solr.handler.SolrConfigHandler$Command; expecting overlay version 0 but my version is -1
INFO  - 2017-03-17 06:27:04.385; [c:gettingstarted s:shard2 r:core_node4 x:gettingstarted_shard2_replica1] org.apache.solr.handler.SolrConfigHandler$Command; expecting overlay version 0 but my version is -1
INFO  - 2017-03-17 06:27:04.392; [c:gettingstarted s:shard1 r:core_node3 x:gettingstarted_shard1_replica1] org.apache.solr.core.SolrCore; [gettingstarted_shard1_replica1]  webapp=/solr path=/config/znodeVersion params={overlay=0&wt=javabin&version=2} status=0 QTime=15
INFO  - 2017-03-17 06:27:04.731; [c:gettingstarted s:shard2 r:core_node4 x:gettingstarted_shard2_replica1] org.apache.solr.core.SolrCore; [gettingstarted_shard2_replica1]  webapp=/solr path=/config/znodeVersion params={overlay=0&wt=javabin&version=2} status=0 QTime=347
INFO  - 2017-03-17 06:27:04.733; [c:gettingstarted s:shard2 r:core_node4 x:gettingstarted_shard2_replica1] org.apache.solr.handler.SolrConfigHandler$Command; Another reload is in progress . Not doing anything
INFO  - 2017-03-17 06:27:04.735; [c:gettingstarted s:shard1 r:core_node3 x:gettingstarted_shard1_replica1] org.apache.solr.handler.SolrConfigHandler$Command; Another reload is in progress . Not doing anything
INFO  - 2017-03-17 06:27:04.747; [c:gettingstarted s:shard1 r:core_node3 x:gettingstarted_shard1_replica1] org.apache.solr.handler.SolrConfigHandler$Command; expecting overlay version 0 but my version is -1
INFO  - 2017-03-17 06:27:04.781; [c:gettingstarted s:shard1 r:core_node3 x:gettingstarted_shard1_replica1] org.apache.solr.core.SolrCore; [gettingstarted_shard1_replica1]  webapp=/solr path=/config/znodeVersion params={overlay=0&wt=javabin&version=2} status=0 QTime=34
INFO  - 2017-03-17 06:27:04.783; [c:gettingstarted s:shard1 r:core_node3 x:gettingstarted_shard1_replica1] org.apache.solr.handler.SolrConfigHandler$Command; Another reload is in progress . Not doing anything
INFO  - 2017-03-17 06:27:04.853; [c:gettingstarted s:shard1 r:core_node3 x:gettingstarted_shard1_replica1] org.apache.solr.core.SolrConfig; Using Lucene MatchVersion: 6.4.2
INFO  - 2017-03-17 06:27:05.150; [c:gettingstarted s:shard2 r:core_node4 x:gettingstarted_shard2_replica1] org.apache.solr.handler.SolrConfigHandler$Command; expecting overlay version 0 but my version is -1
INFO  - 2017-03-17 06:27:05.165; [c:gettingstarted s:shard2 r:core_node4 x:gettingstarted_shard2_replica1] org.apache.solr.core.SolrCore; [gettingstarted_shard2_replica1]  webapp=/solr path=/config/znodeVersion params={overlay=0&wt=javabin&version=2} status=0 QTime=14
INFO  - 2017-03-17 06:27:05.172; [c:gettingstarted s:shard1 r:core_node3 x:gettingstarted_shard1_replica1] org.apache.solr.handler.SolrConfigHandler$Command; expecting overlay version 0 but my version is -1
INFO  - 2017-03-17 06:27:05.174; [c:gettingstarted s:shard2 r:core_node4 x:gettingstarted_shard2_replica1] org.apache.solr.handler.SolrConfigHandler$Command; Another reload is in progress . Not doing anything
INFO  - 2017-03-17 06:27:05.181; [c:gettingstarted s:shard1 r:core_node3 x:gettingstarted_shard1_replica1] org.apache.solr.core.SolrCore; [gettingstarted_shard1_replica1]  webapp=/solr path=/config/znodeVersion params={overlay=0&wt=javabin&version=2} status=0 QTime=9
INFO  - 2017-03-17 06:27:05.201; [c:gettingstarted s:shard1 r:core_node3 x:gettingstarted_shard1_replica1] org.apache.solr.handler.SolrConfigHandler$Command; Another reload is in progress . Not doing anything
INFO  - 2017-03-17 06:27:05.208; [   ] org.apache.solr.schema.IndexSchema; [gettingstarted_shard2_replica1] Schema name=example-data-driven-schema
INFO  - 2017-03-17 06:27:05.304; [c:gettingstarted s:shard2 r:core_node4 x:gettingstarted_shard2_replica1] org.apache.solr.handler.SolrConfigHandler$Command; expecting overlay version 0 but my version is -1
INFO  - 2017-03-17 06:27:05.313; [c:gettingstarted s:shard2 r:core_node4 x:gettingstarted_shard2_replica1] org.apache.solr.core.SolrCore; [gettingstarted_shard2_replica1]  webapp=/solr path=/config/znodeVersion params={overlay=0&wt=javabin&version=2} status=0 QTime=9
INFO  - 2017-03-17 06:27:05.318; [c:gettingstarted s:shard2 r:core_node4 x:gettingstarted_shard2_replica1] org.apache.solr.handler.SolrConfigHandler$Command; Another reload is in progress . Not doing anything
INFO  - 2017-03-17 06:27:05.406; [c:gettingstarted s:shard1 r:core_node3 x:gettingstarted_shard1_replica1] org.apache.solr.handler.SolrConfigHandler$Command; expecting overlay version 0 but my version is -1
INFO  - 2017-03-17 06:27:05.427; [c:gettingstarted s:shard1 r:core_node3 x:gettingstarted_shard1_replica1] org.apache.solr.core.SolrCore; [gettingstarted_shard1_replica1]  webapp=/solr path=/config/znodeVersion params={overlay=0&wt=javabin&version=2} status=0 QTime=20
INFO  - 2017-03-17 06:27:05.433; [c:gettingstarted s:shard1 r:core_node3 x:gettingstarted_shard1_replica1] org.apache.solr.handler.SolrConfigHandler$Command; Another reload is in progress . Not doing anything
INFO  - 2017-03-17 06:27:05.461; [c:gettingstarted s:shard2 r:core_node4 x:gettingstarted_shard2_replica1] org.apache.solr.handler.SolrConfigHandler$Command; expecting overlay version 0 but my version is -1
INFO  - 2017-03-17 06:27:05.475; [c:gettingstarted s:shard2 r:core_node4 x:gettingstarted_shard2_replica1] org.apache.solr.core.SolrCore; [gettingstarted_shard2_replica1]  webapp=/solr path=/config/znodeVersion params={overlay=0&wt=javabin&version=2} status=0 QTime=14
INFO  - 2017-03-17 06:27:05.483; [c:gettingstarted s:shard2 r:core_node4 x:gettingstarted_shard2_replica1] org.apache.solr.handler.SolrConfigHandler$Command; Another reload is in progress . Not doing anything
INFO  - 2017-03-17 06:27:05.534; [c:gettingstarted s:shard1 r:core_node3 x:gettingstarted_shard1_replica1] org.apache.solr.schema.IndexSchema; [gettingstarted_shard1_replica1] Schema name=example-data-driven-schema
INFO  - 2017-03-17 06:27:05.545; [c:gettingstarted s:shard1 r:core_node3 x:gettingstarted_shard1_replica1] org.apache.solr.handler.SolrConfigHandler$Command; expecting overlay version 0 but my version is -1
INFO  - 2017-03-17 06:27:05.568; [c:gettingstarted s:shard1 r:core_node3 x:gettingstarted_shard1_replica1] org.apache.solr.core.SolrCore; [gettingstarted_shard1_replica1]  webapp=/solr path=/config/znodeVersion params={overlay=0&wt=javabin&version=2} status=0 QTime=24
INFO  - 2017-03-17 06:27:05.570; [c:gettingstarted s:shard1 r:core_node3 x:gettingstarted_shard1_replica1] org.apache.solr.handler.SolrConfigHandler$Command; Another reload is in progress . Not doing anything
INFO  - 2017-03-17 06:27:05.601; [c:gettingstarted s:shard2 r:core_node4 x:gettingstarted_shard2_replica1] org.apache.solr.handler.SolrConfigHandler$Command; expecting overlay version 0 but my version is -1
INFO  - 2017-03-17 06:27:05.622; [c:gettingstarted s:shard2 r:core_node4 x:gettingstarted_shard2_replica1] org.apache.solr.core.SolrCore; [gettingstarted_shard2_replica1]  webapp=/solr path=/config/znodeVersion params={overlay=0&wt=javabin&version=2} status=0 QTime=21
INFO  - 2017-03-17 06:27:05.624; [c:gettingstarted s:shard2 r:core_node4 x:gettingstarted_shard2_replica1] org.apache.solr.handler.SolrConfigHandler$Command; Another reload is in progress . Not doing anything
INFO  - 2017-03-17 06:27:06.416; [c:gettingstarted s:shard2 r:core_node4 x:gettingstarted_shard2_replica1] org.apache.solr.handler.SolrConfigHandler$Command; expecting overlay version 0 but my version is -1
INFO  - 2017-03-17 06:27:06.421; [c:gettingstarted s:shard1 r:core_node3 x:gettingstarted_shard1_replica1] org.apache.solr.handler.SolrConfigHandler$Command; expecting overlay version 0 but my version is -1
INFO  - 2017-03-17 06:27:06.434; [c:gettingstarted s:shard2 r:core_node4 x:gettingstarted_shard2_replica1] org.apache.solr.core.SolrCore; [gettingstarted_shard2_replica1]  webapp=/solr path=/config/znodeVersion params={overlay=0&wt=javabin&version=2} status=0 QTime=18
INFO  - 2017-03-17 06:27:06.505; [c:gettingstarted s:shard2 r:core_node4 x:gettingstarted_shard2_replica1] org.apache.solr.handler.SolrConfigHandler$Command; Another reload is in progress . Not doing anything
INFO  - 2017-03-17 06:27:06.519; [c:gettingstarted s:shard1 r:core_node3 x:gettingstarted_shard1_replica1] org.apache.solr.core.SolrCore; [gettingstarted_shard1_replica1]  webapp=/solr path=/config/znodeVersion params={overlay=0&wt=javabin&version=2} status=0 QTime=97
INFO  - 2017-03-17 06:27:06.545; [c:gettingstarted s:shard1 r:core_node3 x:gettingstarted_shard1_replica1] org.apache.solr.handler.SolrConfigHandler$Command; Another reload is in progress . Not doing anything
INFO  - 2017-03-17 06:27:06.641; [c:gettingstarted s:shard2 r:core_node4 x:gettingstarted_shard2_replica1] org.apache.solr.handler.SolrConfigHandler$Command; expecting overlay version 0 but my version is -1
INFO  - 2017-03-17 06:27:06.665; [c:gettingstarted s:shard2 r:core_node4 x:gettingstarted_shard2_replica1] org.apache.solr.core.SolrCore; [gettingstarted_shard2_replica1]  webapp=/solr path=/config/znodeVersion params={overlay=0&wt=javabin&version=2} status=0 QTime=24
INFO  - 2017-03-17 06:27:06.666; [c:gettingstarted s:shard2 r:core_node4 x:gettingstarted_shard2_replica1] org.apache.solr.handler.SolrConfigHandler$Command; Another reload is in progress . Not doing anything
INFO  - 2017-03-17 06:27:06.705; [c:gettingstarted s:shard1 r:core_node3 x:gettingstarted_shard1_replica1] org.apache.solr.handler.SolrConfigHandler$Command; expecting overlay version 0 but my version is -1
INFO  - 2017-03-17 06:27:06.706; [c:gettingstarted s:shard1 r:core_node3 x:gettingstarted_shard1_replica1] org.apache.solr.core.SolrCore; [gettingstarted_shard1_replica1]  webapp=/solr path=/config/znodeVersion params={overlay=0&wt=javabin&version=2} status=0 QTime=1
INFO  - 2017-03-17 06:27:06.721; [c:gettingstarted s:shard1 r:core_node3 x:gettingstarted_shard1_replica1] org.apache.solr.handler.SolrConfigHandler$Command; Another reload is in progress . Not doing anything
INFO  - 2017-03-17 06:27:06.785; [c:gettingstarted s:shard2 r:core_node4 x:gettingstarted_shard2_replica1] org.apache.solr.handler.SolrConfigHandler$Command; expecting overlay version 0 but my version is -1
INFO  - 2017-03-17 06:27:06.792; [c:gettingstarted s:shard2 r:core_node4 x:gettingstarted_shard2_replica1] org.apache.solr.core.SolrCore; [gettingstarted_shard2_replica1]  webapp=/solr path=/config/znodeVersion params={overlay=0&wt=javabin&version=2} status=0 QTime=8
INFO  - 2017-03-17 06:27:06.799; [c:gettingstarted s:shard2 r:core_node4 x:gettingstarted_shard2_replica1] org.apache.solr.handler.SolrConfigHandler$Command; Another reload is in progress . Not doing anything
INFO  - 2017-03-17 06:27:06.819; [c:gettingstarted s:shard1 r:core_node3 x:gettingstarted_shard1_replica1] org.apache.solr.handler.SolrConfigHandler$Command; expecting overlay version 0 but my version is -1
INFO  - 2017-03-17 06:27:06.845; [c:gettingstarted s:shard1 r:core_node3 x:gettingstarted_shard1_replica1] org.apache.solr.core.SolrCore; [gettingstarted_shard1_replica1]  webapp=/solr path=/config/znodeVersion params={overlay=0&wt=javabin&version=2} status=0 QTime=26
INFO  - 2017-03-17 06:27:06.866; [c:gettingstarted s:shard1 r:core_node3 x:gettingstarted_shard1_replica1] org.apache.solr.handler.SolrConfigHandler$Command; Another reload is in progress . Not doing anything
INFO  - 2017-03-17 06:27:07.072; [c:gettingstarted s:shard2 r:core_node4 x:gettingstarted_shard2_replica1] org.apache.solr.handler.SolrConfigHandler$Command; expecting overlay version 0 but my version is -1
INFO  - 2017-03-17 06:27:07.083; [c:gettingstarted s:shard2 r:core_node4 x:gettingstarted_shard2_replica1] org.apache.solr.core.SolrCore; [gettingstarted_shard2_replica1]  webapp=/solr path=/config/znodeVersion params={overlay=0&wt=javabin&version=2} status=0 QTime=10
INFO  - 2017-03-17 06:27:07.087; [c:gettingstarted s:shard2 r:core_node4 x:gettingstarted_shard2_replica1] org.apache.solr.handler.SolrConfigHandler$Command; Another reload is in progress . Not doing anything
INFO  - 2017-03-17 06:27:07.332; [c:gettingstarted s:shard2 r:core_node4 x:gettingstarted_shard2_replica1] org.apache.solr.handler.SolrConfigHandler$Command; expecting overlay version 0 but my version is -1
INFO  - 2017-03-17 06:27:07.336; [c:gettingstarted s:shard1 r:core_node3 x:gettingstarted_shard1_replica1] org.apache.solr.handler.SolrConfigHandler$Command; expecting overlay version 0 but my version is -1
INFO  - 2017-03-17 06:27:07.364; [c:gettingstarted s:shard2 r:core_node4 x:gettingstarted_shard2_replica1] org.apache.solr.core.SolrCore; [gettingstarted_shard2_replica1]  webapp=/solr path=/config/znodeVersion params={overlay=0&wt=javabin&version=2} status=0 QTime=32
INFO  - 2017-03-17 06:27:07.368; [c:gettingstarted s:shard2 r:core_node4 x:gettingstarted_shard2_replica1] org.apache.solr.handler.SolrConfigHandler$Command; Another reload is in progress . Not doing anything
INFO  - 2017-03-17 06:27:07.385; [c:gettingstarted s:shard1 r:core_node3 x:gettingstarted_shard1_replica1] org.apache.solr.core.SolrCore; [gettingstarted_shard1_replica1]  webapp=/solr path=/config/znodeVersion params={overlay=0&wt=javabin&version=2} status=0 QTime=50
INFO  - 2017-03-17 06:27:07.416; [c:gettingstarted s:shard1 r:core_node3 x:gettingstarted_shard1_replica1] org.apache.solr.handler.SolrConfigHandler$Command; Another reload is in progress . Not doing anything
INFO  - 2017-03-17 06:27:07.498; [c:gettingstarted s:shard2 r:core_node4 x:gettingstarted_shard2_replica1] org.apache.solr.handler.SolrConfigHandler$Command; expecting overlay version 0 but my version is -1
INFO  - 2017-03-17 06:27:07.511; [c:gettingstarted s:shard2 r:core_node4 x:gettingstarted_shard2_replica1] org.apache.solr.core.SolrCore; [gettingstarted_shard2_replica1]  webapp=/solr path=/config/znodeVersion params={overlay=0&wt=javabin&version=2} status=0 QTime=12
INFO  - 2017-03-17 06:27:07.517; [c:gettingstarted s:shard1 r:core_node3 x:gettingstarted_shard1_replica1] org.apache.solr.handler.SolrConfigHandler$Command; expecting overlay version 0 but my version is -1
INFO  - 2017-03-17 06:27:07.518; [c:gettingstarted s:shard2 r:core_node4 x:gettingstarted_shard2_replica1] org.apache.solr.handler.SolrConfigHandler$Command; Another reload is in progress . Not doing anything
INFO  - 2017-03-17 06:27:07.523; [c:gettingstarted s:shard1 r:core_node3 x:gettingstarted_shard1_replica1] org.apache.solr.handler.SolrConfigHandler$Command; Another reload is in progress . Not doing anything
INFO  - 2017-03-17 06:27:07.523; [c:gettingstarted s:shard1 r:core_node3 x:gettingstarted_shard1_replica1] org.apache.solr.core.SolrCore; [gettingstarted_shard1_replica1]  webapp=/solr path=/config/znodeVersion params={overlay=0&wt=javabin&version=2} status=0 QTime=6
INFO  - 2017-03-17 06:27:07.648; [c:gettingstarted s:shard2 r:core_node4 x:gettingstarted_shard2_replica1] org.apache.solr.handler.SolrConfigHandler$Command; expecting overlay version 0 but my version is -1
INFO  - 2017-03-17 06:27:07.651; [c:gettingstarted s:shard2 r:core_node4 x:gettingstarted_shard2_replica1] org.apache.solr.core.SolrCore; [gettingstarted_shard2_replica1]  webapp=/solr path=/config/znodeVersion params={overlay=0&wt=javabin&version=2} status=0 QTime=3
INFO  - 2017-03-17 06:27:07.667; [c:gettingstarted s:shard2 r:core_node4 x:gettingstarted_shard2_replica1] org.apache.solr.handler.SolrConfigHandler$Command; Another reload is in progress . Not doing anything
INFO  - 2017-03-17 06:27:07.731; [c:gettingstarted s:shard1 r:core_node3 x:gettingstarted_shard1_replica1] org.apache.solr.handler.SolrConfigHandler$Command; expecting overlay version 0 but my version is -1
INFO  - 2017-03-17 06:27:07.745; [c:gettingstarted s:shard1 r:core_node3 x:gettingstarted_shard1_replica1] org.apache.solr.core.SolrCore; [gettingstarted_shard1_replica1]  webapp=/solr path=/config/znodeVersion params={overlay=0&wt=javabin&version=2} status=0 QTime=14
INFO  - 2017-03-17 06:27:07.748; [c:gettingstarted s:shard1 r:core_node3 x:gettingstarted_shard1_replica1] org.apache.solr.handler.SolrConfigHandler$Command; Another reload is in progress . Not doing anything
INFO  - 2017-03-17 06:27:07.808; [c:gettingstarted s:shard2 r:core_node4 x:gettingstarted_shard2_replica1] org.apache.solr.handler.SolrConfigHandler$Command; expecting overlay version 0 but my version is -1
INFO  - 2017-03-17 06:27:07.831; [c:gettingstarted s:shard2 r:core_node4 x:gettingstarted_shard2_replica1] org.apache.solr.core.SolrCore; [gettingstarted_shard2_replica1]  webapp=/solr path=/config/znodeVersion params={overlay=0&wt=javabin&version=2} status=0 QTime=23
INFO  - 2017-03-17 06:27:07.843; [c:gettingstarted s:shard2 r:core_node4 x:gettingstarted_shard2_replica1] org.apache.solr.handler.SolrConfigHandler$Command; Another reload is in progress . Not doing anything
INFO  - 2017-03-17 06:27:07.876; [c:gettingstarted s:shard1 r:core_node3 x:gettingstarted_shard1_replica1] org.apache.solr.handler.SolrConfigHandler$Command; expecting overlay version 0 but my version is -1
INFO  - 2017-03-17 06:27:07.891; [c:gettingstarted s:shard1 r:core_node3 x:gettingstarted_shard1_replica1] org.apache.solr.core.SolrCore; [gettingstarted_shard1_replica1]  webapp=/solr path=/config/znodeVersion params={overlay=0&wt=javabin&version=2} status=0 QTime=16
INFO  - 2017-03-17 06:27:07.907; [c:gettingstarted s:shard1 r:core_node3 x:gettingstarted_shard1_replica1] org.apache.solr.handler.SolrConfigHandler$Command; Another reload is in progress . Not doing anything
INFO  - 2017-03-17 06:27:08.142; [c:gettingstarted s:shard1 r:core_node3 x:gettingstarted_shard1_replica1] org.apache.solr.handler.SolrConfigHandler$Command; expecting overlay version 0 but my version is -1
INFO  - 2017-03-17 06:27:08.148; [c:gettingstarted s:shard1 r:core_node3 x:gettingstarted_shard1_replica1] org.apache.solr.core.SolrCore; [gettingstarted_shard1_replica1]  webapp=/solr path=/config/znodeVersion params={overlay=0&wt=javabin&version=2} status=0 QTime=6
INFO  - 2017-03-17 06:27:08.156; [c:gettingstarted s:shard1 r:core_node3 x:gettingstarted_shard1_replica1] org.apache.solr.handler.SolrConfigHandler$Command; Another reload is in progress . Not doing anything
INFO  - 2017-03-17 06:27:08.185; [c:gettingstarted s:shard2 r:core_node4 x:gettingstarted_shard2_replica1] org.apache.solr.handler.SolrConfigHandler$Command; expecting overlay version 0 but my version is -1
INFO  - 2017-03-17 06:27:08.201; [c:gettingstarted s:shard2 r:core_node4 x:gettingstarted_shard2_replica1] org.apache.solr.core.SolrCore; [gettingstarted_shard2_replica1]  webapp=/solr path=/config/znodeVersion params={overlay=0&wt=javabin&version=2} status=0 QTime=15
INFO  - 2017-03-17 06:27:08.206; [c:gettingstarted s:shard2 r:core_node4 x:gettingstarted_shard2_replica1] org.apache.solr.handler.SolrConfigHandler$Command; Another reload is in progress . Not doing anything
INFO  - 2017-03-17 06:27:08.449; [c:gettingstarted s:shard2 r:core_node4 x:gettingstarted_shard2_replica1] org.apache.solr.handler.SolrConfigHandler$Command; expecting overlay version 0 but my version is -1
INFO  - 2017-03-17 06:27:08.449; [c:gettingstarted s:shard1 r:core_node3 x:gettingstarted_shard1_replica1] org.apache.solr.handler.SolrConfigHandler$Command; expecting overlay version 0 but my version is -1
INFO  - 2017-03-17 06:27:08.491; [c:gettingstarted s:shard2 r:core_node4 x:gettingstarted_shard2_replica1] org.apache.solr.core.SolrCore; [gettingstarted_shard2_replica1]  webapp=/solr path=/config/znodeVersion params={overlay=0&wt=javabin&version=2} status=0 QTime=42
INFO  - 2017-03-17 06:27:08.537; [c:gettingstarted s:shard2 r:core_node4 x:gettingstarted_shard2_replica1] org.apache.solr.handler.SolrConfigHandler$Command; Another reload is in progress . Not doing anything
INFO  - 2017-03-17 06:27:08.551; [c:gettingstarted s:shard1 r:core_node3 x:gettingstarted_shard1_replica1] org.apache.solr.core.SolrCore; [gettingstarted_shard1_replica1]  webapp=/solr path=/config/znodeVersion params={overlay=0&wt=javabin&version=2} status=0 QTime=102
INFO  - 2017-03-17 06:27:08.595; [c:gettingstarted s:shard1 r:core_node3 x:gettingstarted_shard1_replica1] org.apache.solr.handler.SolrConfigHandler$Command; Another reload is in progress . Not doing anything
INFO  - 2017-03-17 06:27:08.652; [c:gettingstarted s:shard2 r:core_node4 x:gettingstarted_shard2_replica1] org.apache.solr.handler.SolrConfigHandler$Command; expecting overlay version 0 but my version is -1
INFO  - 2017-03-17 06:27:08.675; [c:gettingstarted s:shard2 r:core_node4 x:gettingstarted_shard2_replica1] org.apache.solr.core.SolrCore; [gettingstarted_shard2_replica1]  webapp=/solr path=/config/znodeVersion params={overlay=0&wt=javabin&version=2} status=0 QTime=23
INFO  - 2017-03-17 06:27:08.676; [c:gettingstarted s:shard2 r:core_node4 x:gettingstarted_shard2_replica1] org.apache.solr.handler.SolrConfigHandler$Command; Another reload is in progress . Not doing anything
INFO  - 2017-03-17 06:27:08.706; [c:gettingstarted s:shard1 r:core_node3 x:gettingstarted_shard1_replica1] org.apache.solr.handler.SolrConfigHandler$Command; expecting overlay version 0 but my version is -1
INFO  - 2017-03-17 06:27:08.711; [c:gettingstarted s:shard1 r:core_node3 x:gettingstarted_shard1_replica1] org.apache.solr.core.SolrCore; [gettingstarted_shard1_replica1]  webapp=/solr path=/config/znodeVersion params={overlay=0&wt=javabin&version=2} status=0 QTime=4
INFO  - 2017-03-17 06:27:08.719; [c:gettingstarted s:shard1 r:core_node3 x:gettingstarted_shard1_replica1] org.apache.solr.handler.SolrConfigHandler$Command; Another reload is in progress . Not doing anything
INFO  - 2017-03-17 06:27:08.823; [c:gettingstarted s:shard2 r:core_node4 x:gettingstarted_shard2_replica1] org.apache.solr.handler.SolrConfigHandler$Command; expecting overlay version 0 but my version is -1
INFO  - 2017-03-17 06:27:08.827; [c:gettingstarted s:shard2 r:core_node4 x:gettingstarted_shard2_replica1] org.apache.solr.core.SolrCore; [gettingstarted_shard2_replica1]  webapp=/solr path=/config/znodeVersion params={overlay=0&wt=javabin&version=2} status=0 QTime=5
INFO  - 2017-03-17 06:27:08.831; [c:gettingstarted s:shard2 r:core_node4 x:gettingstarted_shard2_replica1] org.apache.solr.handler.SolrConfigHandler$Command; Another reload is in progress . Not doing anything
INFO  - 2017-03-17 06:27:08.869; [c:gettingstarted s:shard1 r:core_node3 x:gettingstarted_shard1_replica1] org.apache.solr.handler.SolrConfigHandler$Command; expecting overlay version 0 but my version is -1
INFO  - 2017-03-17 06:27:08.907; [c:gettingstarted s:shard1 r:core_node3 x:gettingstarted_shard1_replica1] org.apache.solr.core.SolrCore; [gettingstarted_shard1_replica1]  webapp=/solr path=/config/znodeVersion params={overlay=0&wt=javabin&version=2} status=0 QTime=38
INFO  - 2017-03-17 06:27:08.911; [c:gettingstarted s:shard1 r:core_node3 x:gettingstarted_shard1_replica1] org.apache.solr.handler.SolrConfigHandler$Command; Another reload is in progress . Not doing anything
INFO  - 2017-03-17 06:27:09.012; [c:gettingstarted s:shard2 r:core_node4 x:gettingstarted_shard2_replica1] org.apache.solr.handler.SolrConfigHandler$Command; expecting overlay version 0 but my version is -1
INFO  - 2017-03-17 06:27:09.021; [c:gettingstarted s:shard2 r:core_node4 x:gettingstarted_shard2_replica1] org.apache.solr.core.SolrCore; [gettingstarted_shard2_replica1]  webapp=/solr path=/config/znodeVersion params={overlay=0&wt=javabin&version=2} status=0 QTime=9
INFO  - 2017-03-17 06:27:09.022; [c:gettingstarted s:shard2 r:core_node4 x:gettingstarted_shard2_replica1] org.apache.solr.handler.SolrConfigHandler$Command; Another reload is in progress . Not doing anything
INFO  - 2017-03-17 06:27:09.047; [c:gettingstarted s:shard1 r:core_node3 x:gettingstarted_shard1_replica1] org.apache.solr.handler.SolrConfigHandler$Command; expecting overlay version 0 but my version is -1
INFO  - 2017-03-17 06:27:09.052; [c:gettingstarted s:shard1 r:core_node3 x:gettingstarted_shard1_replica1] org.apache.solr.core.SolrCore; [gettingstarted_shard1_replica1]  webapp=/solr path=/config/znodeVersion params={overlay=0&wt=javabin&version=2} status=0 QTime=5
INFO  - 2017-03-17 06:27:09.064; [c:gettingstarted s:shard1 r:core_node3 x:gettingstarted_shard1_replica1] org.apache.solr.handler.SolrConfigHandler$Command; Another reload is in progress . Not doing anything
INFO  - 2017-03-17 06:27:09.142; [c:gettingstarted s:shard2 r:core_node4 x:gettingstarted_shard2_replica1] org.apache.solr.handler.SolrConfigHandler$Command; expecting overlay version 0 but my version is -1
INFO  - 2017-03-17 06:27:09.151; [c:gettingstarted s:shard2 r:core_node4 x:gettingstarted_shard2_replica1] org.apache.solr.core.SolrCore; [gettingstarted_shard2_replica1]  webapp=/solr path=/config/znodeVersion params={overlay=0&wt=javabin&version=2} status=0 QTime=10
INFO  - 2017-03-17 06:27:09.161; [c:gettingstarted s:shard2 r:core_node4 x:gettingstarted_shard2_replica1] org.apache.solr.handler.SolrConfigHandler$Command; Another reload is in progress . Not doing anything
INFO  - 2017-03-17 06:27:09.174; [c:gettingstarted s:shard1 r:core_node3 x:gettingstarted_shard1_replica1] org.apache.solr.handler.SolrConfigHandler$Command; expecting overlay version 0 but my version is -1
INFO  - 2017-03-17 06:27:09.180; [c:gettingstarted s:shard1 r:core_node3 x:gettingstarted_shard1_replica1] org.apache.solr.core.SolrCore; [gettingstarted_shard1_replica1]  webapp=/solr path=/config/znodeVersion params={overlay=0&wt=javabin&version=2} status=0 QTime=6
INFO  - 2017-03-17 06:27:09.196; [c:gettingstarted s:shard1 r:core_node3 x:gettingstarted_shard1_replica1] org.apache.solr.handler.SolrConfigHandler$Command; Another reload is in progress . Not doing anything
INFO  - 2017-03-17 06:27:09.304; [c:gettingstarted s:shard2 r:core_node4 x:gettingstarted_shard2_replica1] org.apache.solr.handler.SolrConfigHandler$Command; expecting overlay version 0 but my version is -1
INFO  - 2017-03-17 06:27:09.315; [c:gettingstarted s:shard1 r:core_node3 x:gettingstarted_shard1_replica1] org.apache.solr.handler.SolrConfigHandler$Command; expecting overlay version 0 but my version is -1
INFO  - 2017-03-17 06:27:09.321; [c:gettingstarted s:shard2 r:core_node4 x:gettingstarted_shard2_replica1] org.apache.solr.core.SolrCore; [gettingstarted_shard2_replica1]  webapp=/solr path=/config/znodeVersion params={overlay=0&wt=javabin&version=2} status=0 QTime=16
INFO  - 2017-03-17 06:27:09.324; [c:gettingstarted s:shard2 r:core_node4 x:gettingstarted_shard2_replica1] org.apache.solr.handler.SolrConfigHandler$Command; Another reload is in progress . Not doing anything
INFO  - 2017-03-17 06:27:09.324; [c:gettingstarted s:shard1 r:core_node3 x:gettingstarted_shard1_replica1] org.apache.solr.core.SolrCore; [gettingstarted_shard1_replica1]  webapp=/solr path=/config/znodeVersion params={overlay=0&wt=javabin&version=2} status=0 QTime=9
INFO  - 2017-03-17 06:27:09.328; [c:gettingstarted s:shard1 r:core_node3 x:gettingstarted_shard1_replica1] org.apache.solr.handler.SolrConfigHandler$Command; Another reload is in progress . Not doing anything
INFO  - 2017-03-17 06:27:09.602; [c:gettingstarted s:shard1 r:core_node3 x:gettingstarted_shard1_replica1] org.apache.solr.handler.SolrConfigHandler$Command; expecting overlay version 0 but my version is -1
INFO  - 2017-03-17 06:27:09.612; [c:gettingstarted s:shard2 r:core_node4 x:gettingstarted_shard2_replica1] org.apache.solr.handler.SolrConfigHandler$Command; expecting overlay version 0 but my version is -1
INFO  - 2017-03-17 06:27:09.616; [c:gettingstarted s:shard1 r:core_node3 x:gettingstarted_shard1_replica1] org.apache.solr.core.SolrCore; [gettingstarted_shard1_replica1]  webapp=/solr path=/config/znodeVersion params={overlay=0&wt=javabin&version=2} status=0 QTime=14
INFO  - 2017-03-17 06:27:09.624; [c:gettingstarted s:shard1 r:core_node3 x:gettingstarted_shard1_replica1] org.apache.solr.handler.SolrConfigHandler$Command; Another reload is in progress . Not doing anything
INFO  - 2017-03-17 06:27:09.642; [c:gettingstarted s:shard2 r:core_node4 x:gettingstarted_shard2_replica1] org.apache.solr.core.SolrCore; [gettingstarted_shard2_replica1]  webapp=/solr path=/config/znodeVersion params={overlay=0&wt=javabin&version=2} status=0 QTime=29
INFO  - 2017-03-17 06:27:09.651; [c:gettingstarted s:shard2 r:core_node4 x:gettingstarted_shard2_replica1] org.apache.solr.handler.SolrConfigHandler$Command; Another reload is in progress . Not doing anything
INFO  - 2017-03-17 06:27:09.775; [c:gettingstarted s:shard1 r:core_node3 x:gettingstarted_shard1_replica1] org.apache.solr.handler.SolrConfigHandler$Command; expecting overlay version 0 but my version is -1
INFO  - 2017-03-17 06:27:09.796; [c:gettingstarted s:shard1 r:core_node3 x:gettingstarted_shard1_replica1] org.apache.solr.core.SolrCore; [gettingstarted_shard1_replica1]  webapp=/solr path=/config/znodeVersion params={overlay=0&wt=javabin&version=2} status=0 QTime=21
INFO  - 2017-03-17 06:27:09.800; [c:gettingstarted s:shard2 r:core_node4 x:gettingstarted_shard2_replica1] org.apache.solr.handler.SolrConfigHandler$Command; expecting overlay version 0 but my version is -1
INFO  - 2017-03-17 06:27:09.801; [c:gettingstarted s:shard1 r:core_node3 x:gettingstarted_shard1_replica1] org.apache.solr.handler.SolrConfigHandler$Command; Another reload is in progress . Not doing anything
INFO  - 2017-03-17 06:27:09.809; [c:gettingstarted s:shard2 r:core_node4 x:gettingstarted_shard2_replica1] org.apache.solr.core.SolrCore; [gettingstarted_shard2_replica1]  webapp=/solr path=/config/znodeVersion params={overlay=0&wt=javabin&version=2} status=0 QTime=8
INFO  - 2017-03-17 06:27:09.816; [c:gettingstarted s:shard2 r:core_node4 x:gettingstarted_shard2_replica1] org.apache.solr.handler.SolrConfigHandler$Command; Another reload is in progress . Not doing anything
INFO  - 2017-03-17 06:27:10.092; [c:gettingstarted s:shard1 r:core_node3 x:gettingstarted_shard1_replica1] org.apache.solr.handler.SolrConfigHandler$Command; expecting overlay version 0 but my version is -1
INFO  - 2017-03-17 06:27:10.093; [c:gettingstarted s:shard2 r:core_node4 x:gettingstarted_shard2_replica1] org.apache.solr.handler.SolrConfigHandler$Command; expecting overlay version 0 but my version is -1
INFO  - 2017-03-17 06:27:10.103; [c:gettingstarted s:shard1 r:core_node3 x:gettingstarted_shard1_replica1] org.apache.solr.core.SolrCore; [gettingstarted_shard1_replica1]  webapp=/solr path=/config/znodeVersion params={overlay=0&wt=javabin&version=2} status=0 QTime=11
INFO  - 2017-03-17 06:27:10.106; [c:gettingstarted s:shard1 r:core_node3 x:gettingstarted_shard1_replica1] org.apache.solr.handler.SolrConfigHandler$Command; Another reload is in progress . Not doing anything
INFO  - 2017-03-17 06:27:10.152; [c:gettingstarted s:shard2 r:core_node4 x:gettingstarted_shard2_replica1] org.apache.solr.core.SolrCore; [gettingstarted_shard2_replica1]  webapp=/solr path=/config/znodeVersion params={overlay=0&wt=javabin&version=2} status=0 QTime=59
INFO  - 2017-03-17 06:27:10.162; [c:gettingstarted s:shard2 r:core_node4 x:gettingstarted_shard2_replica1] org.apache.solr.handler.SolrConfigHandler$Command; Another reload is in progress . Not doing anything
INFO  - 2017-03-17 06:27:10.228; [c:gettingstarted s:shard1 r:core_node3 x:gettingstarted_shard1_replica1] org.apache.solr.handler.SolrConfigHandler$Command; expecting overlay version 0 but my version is -1
INFO  - 2017-03-17 06:27:10.235; [c:gettingstarted s:shard1 r:core_node3 x:gettingstarted_shard1_replica1] org.apache.solr.core.SolrCore; [gettingstarted_shard1_replica1]  webapp=/solr path=/config/znodeVersion params={overlay=0&wt=javabin&version=2} status=0 QTime=6
INFO  - 2017-03-17 06:27:10.242; [c:gettingstarted s:shard1 r:core_node3 x:gettingstarted_shard1_replica1] org.apache.solr.handler.SolrConfigHandler$Command; Another reload is in progress . Not doing anything
INFO  - 2017-03-17 06:27:10.320; [   ] org.apache.solr.schema.IndexSchema; Loaded schema example-data-driven-schema/1.6 with uniqueid field id
INFO  - 2017-03-17 06:27:10.329; [c:gettingstarted s:shard2 r:core_node4 x:gettingstarted_shard2_replica1] org.apache.solr.handler.SolrConfigHandler$Command; expecting overlay version 0 but my version is -1
INFO  - 2017-03-17 06:27:10.351; [c:gettingstarted s:shard1 r:core_node3 x:gettingstarted_shard1_replica1] org.apache.solr.handler.SolrConfigHandler$Command; expecting overlay version 0 but my version is -1
INFO  - 2017-03-17 06:27:10.354; [c:gettingstarted s:shard2 r:core_node4 x:gettingstarted_shard2_replica1] org.apache.solr.core.SolrCore; [gettingstarted_shard2_replica1]  webapp=/solr path=/config/znodeVersion params={overlay=0&wt=javabin&version=2} status=0 QTime=25
INFO  - 2017-03-17 06:27:10.363; [c:gettingstarted s:shard1 r:core_node3 x:gettingstarted_shard1_replica1] org.apache.solr.core.SolrCore; [gettingstarted_shard1_replica1]  webapp=/solr path=/config/znodeVersion params={overlay=0&wt=javabin&version=2} status=0 QTime=11
INFO  - 2017-03-17 06:27:10.365; [c:gettingstarted s:shard2 r:core_node4 x:gettingstarted_shard2_replica1] org.apache.solr.handler.SolrConfigHandler$Command; Another reload is in progress . Not doing anything
INFO  - 2017-03-17 06:27:10.367; [c:gettingstarted s:shard1 r:core_node3 x:gettingstarted_shard1_replica1] org.apache.solr.handler.SolrConfigHandler$Command; Another reload is in progress . Not doing anything
INFO  - 2017-03-17 06:27:10.485; [c:gettingstarted s:shard2 r:core_node4 x:gettingstarted_shard2_replica1] org.apache.solr.handler.SolrConfigHandler$Command; expecting overlay version 0 but my version is -1
INFO  - 2017-03-17 06:27:10.488; [c:gettingstarted s:shard2 r:core_node4 x:gettingstarted_shard2_replica1] org.apache.solr.core.SolrCore; [gettingstarted_shard2_replica1]  webapp=/solr path=/config/znodeVersion params={overlay=0&wt=javabin&version=2} status=0 QTime=4
INFO  - 2017-03-17 06:27:10.492; [c:gettingstarted s:shard1 r:core_node3 x:gettingstarted_shard1_replica1] org.apache.solr.handler.SolrConfigHandler$Command; expecting overlay version 0 but my version is -1
INFO  - 2017-03-17 06:27:10.495; [c:gettingstarted s:shard2 r:core_node4 x:gettingstarted_shard2_replica1] org.apache.solr.handler.SolrConfigHandler$Command; Another reload is in progress . Not doing anything
INFO  - 2017-03-17 06:27:10.496; [c:gettingstarted s:shard1 r:core_node3 x:gettingstarted_shard1_replica1] org.apache.solr.core.SolrCore; [gettingstarted_shard1_replica1]  webapp=/solr path=/config/znodeVersion params={overlay=0&wt=javabin&version=2} status=0 QTime=3
INFO  - 2017-03-17 06:27:10.504; [c:gettingstarted s:shard1 r:core_node3 x:gettingstarted_shard1_replica1] org.apache.solr.handler.SolrConfigHandler$Command; Another reload is in progress . Not doing anything
INFO  - 2017-03-17 06:27:10.519; [c:gettingstarted s:shard1 r:core_node3 x:gettingstarted_shard1_replica1] org.apache.solr.schema.IndexSchema; Loaded schema example-data-driven-schema/1.6 with uniqueid field id
INFO  - 2017-03-17 06:27:10.644; [c:gettingstarted s:shard1 r:core_node3 x:gettingstarted_shard1_replica1] org.apache.solr.handler.SolrConfigHandler$Command; expecting overlay version 0 but my version is -1
INFO  - 2017-03-17 06:27:10.665; [c:gettingstarted s:shard2 r:core_node4 x:gettingstarted_shard2_replica1] org.apache.solr.handler.SolrConfigHandler$Command; expecting overlay version 0 but my version is -1
INFO  - 2017-03-17 06:27:10.672; [c:gettingstarted s:shard1 r:core_node3 x:gettingstarted_shard1_replica1] org.apache.solr.core.SolrCore; [gettingstarted_shard1_replica1]  webapp=/solr path=/config/znodeVersion params={overlay=0&wt=javabin&version=2} status=0 QTime=30
INFO  - 2017-03-17 06:27:10.673; [c:gettingstarted s:shard1 r:core_node3 x:gettingstarted_shard1_replica1] org.apache.solr.handler.SolrConfigHandler$Command; Another reload is in progress . Not doing anything
INFO  - 2017-03-17 06:27:10.699; [c:gettingstarted s:shard2 r:core_node4 x:gettingstarted_shard2_replica1] org.apache.solr.core.SolrCore; [gettingstarted_shard2_replica1]  webapp=/solr path=/config/znodeVersion params={overlay=0&wt=javabin&version=2} status=0 QTime=34
INFO  - 2017-03-17 06:27:10.712; [c:gettingstarted s:shard2 r:core_node4 x:gettingstarted_shard2_replica1] org.apache.solr.handler.SolrConfigHandler$Command; Another reload is in progress . Not doing anything
INFO  - 2017-03-17 06:27:10.825; [c:gettingstarted s:shard2 r:core_node4 x:gettingstarted_shard2_replica1] org.apache.solr.handler.SolrConfigHandler$Command; expecting overlay version 0 but my version is -1
INFO  - 2017-03-17 06:27:10.831; [c:gettingstarted s:shard2 r:core_node4 x:gettingstarted_shard2_replica1] org.apache.solr.core.SolrCore; [gettingstarted_shard2_replica1]  webapp=/solr path=/config/znodeVersion params={overlay=0&wt=javabin&version=2} status=0 QTime=6
INFO  - 2017-03-17 06:27:10.852; [c:gettingstarted s:shard2 r:core_node4 x:gettingstarted_shard2_replica1] org.apache.solr.handler.SolrConfigHandler$Command; Another reload is in progress . Not doing anything
INFO  - 2017-03-17 06:27:10.877; [c:gettingstarted s:shard1 r:core_node3 x:gettingstarted_shard1_replica1] org.apache.solr.handler.SolrConfigHandler$Command; expecting overlay version 0 but my version is -1
INFO  - 2017-03-17 06:27:10.889; [c:gettingstarted s:shard1 r:core_node3 x:gettingstarted_shard1_replica1] org.apache.solr.core.SolrCore; [gettingstarted_shard1_replica1]  webapp=/solr path=/config/znodeVersion params={overlay=0&wt=javabin&version=2} status=0 QTime=12
INFO  - 2017-03-17 06:27:10.890; [c:gettingstarted s:shard1 r:core_node3 x:gettingstarted_shard1_replica1] org.apache.solr.handler.SolrConfigHandler$Command; Another reload is in progress . Not doing anything
INFO  - 2017-03-17 06:27:10.949; [c:gettingstarted s:shard1 r:core_node3 x:gettingstarted_shard1_replica1] org.apache.solr.core.CoreContainer; Reloading SolrCore 'gettingstarted_shard1_replica1' using configuration from collection gettingstarted
INFO  - 2017-03-17 06:27:10.958; [c:gettingstarted s:shard1 r:core_node3 x:gettingstarted_shard1_replica1] org.apache.solr.core.SolrCore; [[gettingstarted_shard1_replica1] ] Opening new SolrCore at [/var/www/sepray.com/solr-6.4.2/example/cloud/node2/solr/gettingstarted_shard1_replica1], dataDir=[/var/www/sepray.com/solr-6.4.2/example/cloud/node2/solr/gettingstarted_shard1_replica1/data/]
INFO  - 2017-03-17 06:27:10.958; [c:gettingstarted s:shard1 r:core_node3 x:gettingstarted_shard1_replica1] org.apache.solr.core.JmxMonitoredMap; JMX monitoring is enabled. Adding Solr mbeans to JMX Server: com.sun.jmx.mbeanserver.JmxMBeanServer@3ee37e5a
INFO  - 2017-03-17 06:27:10.971; [c:gettingstarted s:shard1 r:core_node3 x:gettingstarted_shard1_replica1] org.apache.solr.response.XSLTResponseWriter; xsltCacheLifetimeSeconds=5
INFO  - 2017-03-17 06:27:10.978; [c:gettingstarted s:shard2 r:core_node4 x:gettingstarted_shard2_replica1] org.apache.solr.handler.SolrConfigHandler$Command; expecting overlay version 0 but my version is -1
INFO  - 2017-03-17 06:27:11.001; [c:gettingstarted s:shard2 r:core_node4 x:gettingstarted_shard2_replica1] org.apache.solr.core.SolrCore; [gettingstarted_shard2_replica1]  webapp=/solr path=/config/znodeVersion params={overlay=0&wt=javabin&version=2} status=0 QTime=23
INFO  - 2017-03-17 06:27:11.003; [c:gettingstarted s:shard2 r:core_node4 x:gettingstarted_shard2_replica1] org.apache.solr.handler.SolrConfigHandler$Command; Another reload is in progress . Not doing anything
INFO  - 2017-03-17 06:27:11.019; [   ] org.apache.solr.core.CoreContainer; Reloading SolrCore 'gettingstarted_shard2_replica1' using configuration from collection gettingstarted
INFO  - 2017-03-17 06:27:11.026; [c:gettingstarted s:shard2 r:core_node4 x:gettingstarted_shard2_replica1] org.apache.solr.core.SolrCore; [[gettingstarted_shard2_replica1] ] Opening new SolrCore at [/var/www/sepray.com/solr-6.4.2/example/cloud/node2/solr/gettingstarted_shard2_replica1], dataDir=[/var/www/sepray.com/solr-6.4.2/example/cloud/node2/solr/gettingstarted_shard2_replica1/data/]
INFO  - 2017-03-17 06:27:11.026; [c:gettingstarted s:shard2 r:core_node4 x:gettingstarted_shard2_replica1] org.apache.solr.core.JmxMonitoredMap; JMX monitoring is enabled. Adding Solr mbeans to JMX Server: com.sun.jmx.mbeanserver.JmxMBeanServer@3ee37e5a
INFO  - 2017-03-17 06:27:11.034; [c:gettingstarted s:shard1 r:core_node3 x:gettingstarted_shard1_replica1] org.apache.solr.handler.SolrConfigHandler$Command; expecting overlay version 0 but my version is -1
INFO  - 2017-03-17 06:27:11.038; [c:gettingstarted s:shard2 r:core_node4 x:gettingstarted_shard2_replica1] org.apache.solr.response.XSLTResponseWriter; xsltCacheLifetimeSeconds=5
INFO  - 2017-03-17 06:27:11.049; [c:gettingstarted s:shard1 r:core_node3 x:gettingstarted_shard1_replica1] org.apache.solr.core.SolrCore; [gettingstarted_shard1_replica1]  webapp=/solr path=/config/znodeVersion params={overlay=0&wt=javabin&version=2} status=0 QTime=15
INFO  - 2017-03-17 06:27:11.050; [c:gettingstarted s:shard1 r:core_node3 x:gettingstarted_shard1_replica1] org.apache.solr.handler.SolrConfigHandler$Command; Another reload is in progress . Not doing anything
INFO  - 2017-03-17 06:27:11.149; [c:gettingstarted s:shard2 r:core_node4 x:gettingstarted_shard2_replica1] org.apache.solr.handler.SolrConfigHandler$Command; expecting overlay version 0 but my version is -1
INFO  - 2017-03-17 06:27:11.159; [c:gettingstarted s:shard2 r:core_node4 x:gettingstarted_shard2_replica1] org.apache.solr.core.SolrCore; [gettingstarted_shard2_replica1]  webapp=/solr path=/config/znodeVersion params={overlay=0&wt=javabin&version=2} status=0 QTime=10
INFO  - 2017-03-17 06:27:11.167; [c:gettingstarted s:shard2 r:core_node4 x:gettingstarted_shard2_replica1] org.apache.solr.handler.SolrConfigHandler$Command; Another reload is in progress . Not doing anything
INFO  - 2017-03-17 06:27:11.176; [c:gettingstarted s:shard1 r:core_node3 x:gettingstarted_shard1_replica1] org.apache.solr.handler.SolrConfigHandler$Command; expecting overlay version 0 but my version is -1
INFO  - 2017-03-17 06:27:11.187; [c:gettingstarted s:shard1 r:core_node3 x:gettingstarted_shard1_replica1] org.apache.solr.core.SolrCore; [gettingstarted_shard1_replica1]  webapp=/solr path=/config/znodeVersion params={overlay=0&wt=javabin&version=2} status=0 QTime=11
INFO  - 2017-03-17 06:27:11.187; [c:gettingstarted s:shard1 r:core_node3 x:gettingstarted_shard1_replica1] org.apache.solr.handler.SolrConfigHandler$Command; Another reload is in progress . Not doing anything
INFO  - 2017-03-17 06:27:11.243; [c:gettingstarted s:shard2 r:core_node4 x:gettingstarted_shard2_replica1] org.apache.solr.update.CommitTracker; Hard AutoCommit: if uncommited for 15000ms; 
INFO  - 2017-03-17 06:27:11.243; [c:gettingstarted s:shard2 r:core_node4 x:gettingstarted_shard2_replica1] org.apache.solr.update.CommitTracker; Soft AutoCommit: if uncommited for 3000ms; 
INFO  - 2017-03-17 06:27:11.271; [c:gettingstarted s:shard2 r:core_node4 x:gettingstarted_shard2_replica1] org.apache.solr.search.SolrIndexSearcher; Opening [Searcher@13958e71[gettingstarted_shard2_replica1] main]
INFO  - 2017-03-17 06:27:11.275; [c:gettingstarted s:shard2 r:core_node4 x:gettingstarted_shard2_replica1] org.apache.solr.handler.SolrConfigHandler$Command; expecting overlay version 0 but my version is -1
INFO  - 2017-03-17 06:27:11.279; [c:gettingstarted s:shard2 r:core_node4 x:gettingstarted_shard2_replica1] org.apache.solr.core.SolrCore; [gettingstarted_shard2_replica1]  webapp=/solr path=/config/znodeVersion params={overlay=0&wt=javabin&version=2} status=0 QTime=4
INFO  - 2017-03-17 06:27:11.283; [c:gettingstarted s:shard1 r:core_node3 x:gettingstarted_shard1_replica1] org.apache.solr.update.CommitTracker; Hard AutoCommit: if uncommited for 15000ms; 
INFO  - 2017-03-17 06:27:11.284; [c:gettingstarted s:shard1 r:core_node3 x:gettingstarted_shard1_replica1] org.apache.solr.update.CommitTracker; Soft AutoCommit: if uncommited for 3000ms; 
INFO  - 2017-03-17 06:27:11.287; [c:gettingstarted s:shard2 r:core_node4 x:gettingstarted_shard2_replica1] org.apache.solr.handler.SolrConfigHandler$Command; Another reload is in progress . Not doing anything
INFO  - 2017-03-17 06:27:11.291; [c:gettingstarted s:shard2 r:core_node4 x:gettingstarted_shard2_replica1] org.apache.solr.rest.ManagedResourceStorage$ZooKeeperStorageIO; Configured ZooKeeperStorageIO with znodeBase: /configs/gettingstarted
INFO  - 2017-03-17 06:27:11.293; [c:gettingstarted s:shard2 r:core_node4 x:gettingstarted_shard2_replica1] org.apache.solr.rest.ManagedResourceStorage; Loaded null at path _rest_managed.json using ZooKeeperStorageIO:path=/configs/gettingstarted
INFO  - 2017-03-17 06:27:11.293; [c:gettingstarted s:shard2 r:core_node4 x:gettingstarted_shard2_replica1] org.apache.solr.schema.ZkIndexSchemaReader; Creating ZooKeeper watch for the managed schema at /configs/gettingstarted/managed-schema
INFO  - 2017-03-17 06:27:11.297; [c:gettingstarted s:shard2 r:core_node4 x:gettingstarted_shard2_replica1] org.apache.solr.schema.ZkIndexSchemaReader; Current schema version 0 is already the latest
INFO  - 2017-03-17 06:27:11.297; [c:gettingstarted s:shard2 r:core_node4 x:gettingstarted_shard2_replica1] org.apache.solr.handler.component.SpellCheckComponent; Initializing spell checkers
INFO  - 2017-03-17 06:27:11.298; [c:gettingstarted s:shard2 r:core_node4 x:gettingstarted_shard2_replica1] org.apache.solr.spelling.DirectSolrSpellChecker; init: {name=default,field=_text_,classname=solr.DirectSolrSpellChecker,distanceMeasure=internal,accuracy=0.5,maxEdits=2,minPrefix=1,maxInspections=5,minQueryLength=4,maxQueryFrequency=0.01}
INFO  - 2017-03-17 06:27:11.308; [c:gettingstarted s:shard1 r:core_node3 x:gettingstarted_shard1_replica1] org.apache.solr.handler.SolrConfigHandler$Command; expecting overlay version 0 but my version is -1
INFO  - 2017-03-17 06:27:11.310; [c:gettingstarted s:shard1 r:core_node3 x:gettingstarted_shard1_replica1] org.apache.solr.core.SolrCore; [gettingstarted_shard1_replica1]  webapp=/solr path=/config/znodeVersion params={overlay=0&wt=javabin&version=2} status=0 QTime=2
INFO  - 2017-03-17 06:27:11.315; [c:gettingstarted s:shard1 r:core_node3 x:gettingstarted_shard1_replica1] org.apache.solr.handler.SolrConfigHandler$Command; Another reload is in progress . Not doing anything
INFO  - 2017-03-17 06:27:11.318; [c:gettingstarted s:shard1 r:core_node3 x:gettingstarted_shard1_replica1] org.apache.solr.search.SolrIndexSearcher; Opening [Searcher@79012e84[gettingstarted_shard1_replica1] main]
INFO  - 2017-03-17 06:27:11.327; [c:gettingstarted s:shard1 r:core_node3 x:gettingstarted_shard1_replica1] org.apache.solr.rest.ManagedResourceStorage$ZooKeeperStorageIO; Configured ZooKeeperStorageIO with znodeBase: /configs/gettingstarted
INFO  - 2017-03-17 06:27:11.328; [c:gettingstarted s:shard1 r:core_node3 x:gettingstarted_shard1_replica1] org.apache.solr.rest.ManagedResourceStorage; Loaded null at path _rest_managed.json using ZooKeeperStorageIO:path=/configs/gettingstarted
INFO  - 2017-03-17 06:27:11.328; [c:gettingstarted s:shard1 r:core_node3 x:gettingstarted_shard1_replica1] org.apache.solr.schema.ZkIndexSchemaReader; Creating ZooKeeper watch for the managed schema at /configs/gettingstarted/managed-schema
INFO  - 2017-03-17 06:27:11.331; [c:gettingstarted s:shard1 r:core_node3 x:gettingstarted_shard1_replica1] org.apache.solr.schema.ZkIndexSchemaReader; Current schema version 0 is already the latest
INFO  - 2017-03-17 06:27:11.331; [c:gettingstarted s:shard1 r:core_node3 x:gettingstarted_shard1_replica1] org.apache.solr.handler.component.SpellCheckComponent; Initializing spell checkers
INFO  - 2017-03-17 06:27:11.331; [c:gettingstarted s:shard1 r:core_node3 x:gettingstarted_shard1_replica1] org.apache.solr.spelling.DirectSolrSpellChecker; init: {name=default,field=_text_,classname=solr.DirectSolrSpellChecker,distanceMeasure=internal,accuracy=0.5,maxEdits=2,minPrefix=1,maxInspections=5,minQueryLength=4,maxQueryFrequency=0.01}
INFO  - 2017-03-17 06:27:11.333; [c:gettingstarted s:shard2 r:core_node4 x:gettingstarted_shard2_replica1] org.apache.solr.handler.ReplicationHandler; Commits will be reserved for  10000
INFO  - 2017-03-17 06:27:11.334; [c:gettingstarted s:shard2 r:core_node4 x:gettingstarted_shard2_replica1] org.apache.solr.core.QuerySenderListener; QuerySenderListener sending requests to Searcher@13958e71[gettingstarted_shard2_replica1] main{ExitableDirectoryReader(UninvertingDirectoryReader())}
INFO  - 2017-03-17 06:27:11.334; [c:gettingstarted s:shard2 r:core_node4 x:gettingstarted_shard2_replica1] org.apache.solr.core.QuerySenderListener; QuerySenderListener done.
INFO  - 2017-03-17 06:27:11.334; [c:gettingstarted s:shard2 r:core_node4 x:gettingstarted_shard2_replica1] org.apache.solr.handler.component.SpellCheckComponent$SpellCheckerListener; Loading spell index for spellchecker: default
INFO  - 2017-03-17 06:27:11.337; [c:gettingstarted s:shard2 r:core_node4 x:gettingstarted_shard2_replica1] org.apache.solr.core.SolrCore; [gettingstarted_shard2_replica1] Registered new searcher Searcher@13958e71[gettingstarted_shard2_replica1] main{ExitableDirectoryReader(UninvertingDirectoryReader())}
INFO  - 2017-03-17 06:27:11.339; [c:gettingstarted s:shard1 r:core_node3 x:gettingstarted_shard1_replica1] org.apache.solr.handler.ReplicationHandler; Commits will be reserved for  10000
INFO  - 2017-03-17 06:27:11.340; [c:gettingstarted s:shard1 r:core_node3 x:gettingstarted_shard1_replica1] org.apache.solr.core.QuerySenderListener; QuerySenderListener sending requests to Searcher@79012e84[gettingstarted_shard1_replica1] main{ExitableDirectoryReader(UninvertingDirectoryReader())}
INFO  - 2017-03-17 06:27:11.340; [c:gettingstarted s:shard1 r:core_node3 x:gettingstarted_shard1_replica1] org.apache.solr.core.QuerySenderListener; QuerySenderListener done.
INFO  - 2017-03-17 06:27:11.340; [c:gettingstarted s:shard1 r:core_node3 x:gettingstarted_shard1_replica1] org.apache.solr.handler.component.SpellCheckComponent$SpellCheckerListener; Loading spell index for spellchecker: default
INFO  - 2017-03-17 06:27:11.343; [c:gettingstarted s:shard1 r:core_node3 x:gettingstarted_shard1_replica1] org.apache.solr.core.SolrCore; [gettingstarted_shard1_replica1] Registered new searcher Searcher@79012e84[gettingstarted_shard1_replica1] main{ExitableDirectoryReader(UninvertingDirectoryReader())}
INFO  - 2017-03-17 06:27:11.356; [c:gettingstarted s:shard1 r:core_node3 x:gettingstarted_shard1_replica1] org.apache.solr.update.UpdateLog; Could not find max version in index or recent updates, using new clock 1562097254511149056
INFO  - 2017-03-17 06:27:11.364; [c:gettingstarted s:shard2 r:core_node4 x:gettingstarted_shard2_replica1] org.apache.solr.update.UpdateLog; Could not find max version in index or recent updates, using new clock 1562097254519537664
INFO  - 2017-03-17 06:27:11.398; [c:gettingstarted s:shard2 r:core_node4 x:gettingstarted_shard2_replica1] org.apache.solr.handler.SolrConfigHandler$Command; expecting overlay version 0 but my version is -1
INFO  - 2017-03-17 06:27:11.399; [c:gettingstarted s:shard1 r:core_node3 x:gettingstarted_shard1_replica1] org.apache.solr.update.DefaultSolrCoreState; New IndexWriter is ready to be used.
INFO  - 2017-03-17 06:27:11.400; [c:gettingstarted s:shard1 r:core_node3 x:gettingstarted_shard1_replica1] org.apache.solr.search.SolrIndexSearcher; Opening [Searcher@54223ba3[gettingstarted_shard1_replica1] main]
INFO  - 2017-03-17 06:27:11.415; [c:gettingstarted s:shard2 r:core_node4 x:gettingstarted_shard2_replica1] org.apache.solr.core.SolrCore; [gettingstarted_shard2_replica1]  webapp=/solr path=/config/znodeVersion params={overlay=0&wt=javabin&version=2} status=0 QTime=17
INFO  - 2017-03-17 06:27:11.416; [c:gettingstarted s:shard2 r:core_node4 x:gettingstarted_shard2_replica1] org.apache.solr.handler.SolrConfigHandler$Command; Another reload is in progress . Not doing anything
INFO  - 2017-03-17 06:27:11.421; [c:gettingstarted s:shard2 r:core_node4 x:gettingstarted_shard2_replica1] org.apache.solr.update.DefaultSolrCoreState; New IndexWriter is ready to be used.
INFO  - 2017-03-17 06:27:11.422; [c:gettingstarted s:shard2 r:core_node4 x:gettingstarted_shard2_replica1] org.apache.solr.search.SolrIndexSearcher; Opening [Searcher@6eeac122[gettingstarted_shard2_replica1] main]
INFO  - 2017-03-17 06:27:11.423; [c:gettingstarted s:shard1 r:core_node3 x:gettingstarted_shard1_replica1] org.apache.solr.core.QuerySenderListener; QuerySenderListener sending requests to Searcher@54223ba3[gettingstarted_shard1_replica1] main{ExitableDirectoryReader(UninvertingDirectoryReader())}
INFO  - 2017-03-17 06:27:11.423; [c:gettingstarted s:shard1 r:core_node3 x:gettingstarted_shard1_replica1] org.apache.solr.core.QuerySenderListener; QuerySenderListener done.
INFO  - 2017-03-17 06:27:11.423; [c:gettingstarted s:shard2 r:core_node4 x:gettingstarted_shard2_replica1] org.apache.solr.core.SolrCore; [gettingstarted_shard2_replica1]  CLOSING SolrCore org.apache.solr.core.SolrCore@7c73a50e
INFO  - 2017-03-17 06:27:11.424; [c:gettingstarted s:shard2 r:core_node4 x:gettingstarted_shard2_replica1] org.apache.solr.core.QuerySenderListener; QuerySenderListener sending requests to Searcher@6eeac122[gettingstarted_shard2_replica1] main{ExitableDirectoryReader(UninvertingDirectoryReader())}
INFO  - 2017-03-17 06:27:11.424; [c:gettingstarted s:shard2 r:core_node4 x:gettingstarted_shard2_replica1] org.apache.solr.core.QuerySenderListener; QuerySenderListener done.
INFO  - 2017-03-17 06:27:11.426; [c:gettingstarted s:shard2 r:core_node4 x:gettingstarted_shard2_replica1] org.apache.solr.core.SolrCore; [gettingstarted_shard2_replica1] Registered new searcher Searcher@6eeac122[gettingstarted_shard2_replica1] main{ExitableDirectoryReader(UninvertingDirectoryReader())}
INFO  - 2017-03-17 06:27:11.427; [c:gettingstarted s:shard1 r:core_node3 x:gettingstarted_shard1_replica1] org.apache.solr.core.SolrCore; [gettingstarted_shard1_replica1]  CLOSING SolrCore org.apache.solr.core.SolrCore@238e771c
INFO  - 2017-03-17 06:27:11.433; [c:gettingstarted s:shard1 r:core_node3 x:gettingstarted_shard1_replica1] org.apache.solr.core.SolrCore; [gettingstarted_shard1_replica1] Registered new searcher Searcher@54223ba3[gettingstarted_shard1_replica1] main{ExitableDirectoryReader(UninvertingDirectoryReader())}
INFO  - 2017-03-17 06:27:11.438; [c:gettingstarted s:shard1 r:core_node3 x:gettingstarted_shard1_replica1] org.apache.solr.handler.SolrConfigHandler$Command; I already have the expected version 0 of config
INFO  - 2017-03-17 06:27:11.438; [c:gettingstarted s:shard1 r:core_node3 x:gettingstarted_shard1_replica1] org.apache.solr.handler.SolrConfigHandler$Command; isStale false , resourceloader org.apache.solr.cloud.ZkSolrResourceLoader
INFO  - 2017-03-17 06:27:11.439; [c:gettingstarted s:shard1 r:core_node3 x:gettingstarted_shard1_replica1] org.apache.solr.core.SolrCore; [gettingstarted_shard1_replica1]  webapp=/solr path=/config/znodeVersion params={overlay=0&wt=javabin&version=2} status=0 QTime=1
INFO  - 2017-03-17 06:27:11.539; [c:gettingstarted s:shard2 r:core_node4 x:gettingstarted_shard2_replica1] org.apache.solr.handler.SolrConfigHandler$Command; I already have the expected version 0 of config
INFO  - 2017-03-17 06:27:11.540; [c:gettingstarted s:shard2 r:core_node4 x:gettingstarted_shard2_replica1] org.apache.solr.handler.SolrConfigHandler$Command; isStale false , resourceloader org.apache.solr.cloud.ZkSolrResourceLoader
INFO  - 2017-03-17 06:27:11.540; [c:gettingstarted s:shard2 r:core_node4 x:gettingstarted_shard2_replica1] org.apache.solr.core.SolrCore; [gettingstarted_shard2_replica1]  webapp=/solr path=/config/znodeVersion params={overlay=0&wt=javabin&version=2} status=0 QTime=4
INFO  - 2017-03-17 06:27:11.611; [c:gettingstarted s:shard1 r:core_node3 x:gettingstarted_shard1_replica1] org.apache.solr.metrics.SolrMetricManager; Closing metric reporters for: solr.core.gettingstarted.shard1.replica1
INFO  - 2017-03-17 06:27:11.632; [c:gettingstarted s:shard2 r:core_node4 x:gettingstarted_shard2_replica1] org.apache.solr.metrics.SolrMetricManager; Closing metric reporters for: solr.core.gettingstarted.shard2.replica1
INFO  - 2017-03-17 06:27:11.635; [c:gettingstarted s:shard2 r:core_node4 x:gettingstarted_shard2_replica1] org.apache.solr.core.SolrCore; config update listener called for core gettingstarted_shard1_replica1
INFO  - 2017-03-17 06:27:11.899; [c:gettingstarted s:shard2 r:core_node4 x:gettingstarted_shard2_replica1] org.apache.solr.core.RequestParams; conf resource params.json loaded . version : 0 
INFO  - 2017-03-17 06:27:11.899; [c:gettingstarted s:shard2 r:core_node4 x:gettingstarted_shard2_replica1] org.apache.solr.core.RequestParams; request params refreshed to version 0
INFO  - 2017-03-17 06:27:11.920; [c:gettingstarted s:shard2 r:core_node4 x:gettingstarted_shard2_replica1] org.apache.solr.core.SolrResourceLoader; [gettingstarted_shard2_replica1] Added 51 libs to classloader, from paths: [/var/www/sepray.com/solr-6.4.2/contrib/clustering/lib, /var/www/sepray.com/solr-6.4.2/contrib/extraction/lib, /var/www/sepray.com/solr-6.4.2/contrib/langid/lib, /var/www/sepray.com/solr-6.4.2/contrib/velocity/lib, /var/www/sepray.com/solr-6.4.2/dist]
INFO  - 2017-03-17 06:27:12.110; [c:gettingstarted s:shard2 r:core_node4 x:gettingstarted_shard2_replica1] org.apache.solr.core.SolrConfig; Using Lucene MatchVersion: 6.4.2
INFO  - 2017-03-17 06:27:12.306; [c:gettingstarted s:shard2 r:core_node4 x:gettingstarted_shard2_replica1] org.apache.solr.schema.IndexSchema; [gettingstarted_shard2_replica1] Schema name=example-data-driven-schema
INFO  - 2017-03-17 06:27:13.834; [c:gettingstarted s:shard2 r:core_node4 x:gettingstarted_shard2_replica1] org.apache.solr.schema.IndexSchema; Loaded schema example-data-driven-schema/1.6 with uniqueid field id
INFO  - 2017-03-17 06:27:14.105; [c:gettingstarted s:shard2 r:core_node4 x:gettingstarted_shard2_replica1] org.apache.solr.core.CoreContainer; Reloading SolrCore 'gettingstarted_shard2_replica1' using configuration from collection gettingstarted
INFO  - 2017-03-17 06:27:14.105; [c:gettingstarted s:shard2 r:core_node4 x:gettingstarted_shard2_replica1] org.apache.solr.core.SolrCore; [[gettingstarted_shard2_replica1] ] Opening new SolrCore at [/var/www/sepray.com/solr-6.4.2/example/cloud/node2/solr/gettingstarted_shard2_replica1], dataDir=[/var/www/sepray.com/solr-6.4.2/example/cloud/node2/solr/gettingstarted_shard2_replica1/data/]
INFO  - 2017-03-17 06:27:14.106; [c:gettingstarted s:shard2 r:core_node4 x:gettingstarted_shard2_replica1] org.apache.solr.core.JmxMonitoredMap; JMX monitoring is enabled. Adding Solr mbeans to JMX Server: com.sun.jmx.mbeanserver.JmxMBeanServer@3ee37e5a
INFO  - 2017-03-17 06:27:14.111; [c:gettingstarted s:shard2 r:core_node4 x:gettingstarted_shard2_replica1] org.apache.solr.response.XSLTResponseWriter; xsltCacheLifetimeSeconds=5
INFO  - 2017-03-17 06:27:14.183; [c:gettingstarted s:shard2 r:core_node4 x:gettingstarted_shard2_replica1] org.apache.solr.update.CommitTracker; Hard AutoCommit: if uncommited for 15000ms; 
INFO  - 2017-03-17 06:27:14.183; [c:gettingstarted s:shard2 r:core_node4 x:gettingstarted_shard2_replica1] org.apache.solr.update.CommitTracker; Soft AutoCommit: if uncommited for 3000ms; 
INFO  - 2017-03-17 06:27:14.186; [c:gettingstarted s:shard2 r:core_node4 x:gettingstarted_shard2_replica1] org.apache.solr.search.SolrIndexSearcher; Opening [Searcher@755b98fc[gettingstarted_shard2_replica1] main]
INFO  - 2017-03-17 06:27:14.195; [c:gettingstarted s:shard2 r:core_node4 x:gettingstarted_shard2_replica1] org.apache.solr.rest.ManagedResourceStorage$ZooKeeperStorageIO; Configured ZooKeeperStorageIO with znodeBase: /configs/gettingstarted
INFO  - 2017-03-17 06:27:14.197; [c:gettingstarted s:shard2 r:core_node4 x:gettingstarted_shard2_replica1] org.apache.solr.rest.ManagedResourceStorage; Loaded null at path _rest_managed.json using ZooKeeperStorageIO:path=/configs/gettingstarted
INFO  - 2017-03-17 06:27:14.200; [c:gettingstarted s:shard2 r:core_node4 x:gettingstarted_shard2_replica1] org.apache.solr.schema.ZkIndexSchemaReader; Creating ZooKeeper watch for the managed schema at /configs/gettingstarted/managed-schema
INFO  - 2017-03-17 06:27:14.201; [c:gettingstarted s:shard2 r:core_node4 x:gettingstarted_shard2_replica1] org.apache.solr.schema.ZkIndexSchemaReader; Current schema version 0 is already the latest
INFO  - 2017-03-17 06:27:14.211; [c:gettingstarted s:shard2 r:core_node4 x:gettingstarted_shard2_replica1] org.apache.solr.handler.component.SpellCheckComponent; Initializing spell checkers
INFO  - 2017-03-17 06:27:14.211; [c:gettingstarted s:shard2 r:core_node4 x:gettingstarted_shard2_replica1] org.apache.solr.spelling.DirectSolrSpellChecker; init: {name=default,field=_text_,classname=solr.DirectSolrSpellChecker,distanceMeasure=internal,accuracy=0.5,maxEdits=2,minPrefix=1,maxInspections=5,minQueryLength=4,maxQueryFrequency=0.01}
INFO  - 2017-03-17 06:27:14.218; [c:gettingstarted s:shard2 r:core_node4 x:gettingstarted_shard2_replica1] org.apache.solr.handler.ReplicationHandler; Commits will be reserved for  10000
INFO  - 2017-03-17 06:27:14.219; [c:gettingstarted s:shard2 r:core_node4 x:gettingstarted_shard2_replica1] org.apache.solr.core.QuerySenderListener; QuerySenderListener sending requests to Searcher@755b98fc[gettingstarted_shard2_replica1] main{ExitableDirectoryReader(UninvertingDirectoryReader())}
INFO  - 2017-03-17 06:27:14.219; [c:gettingstarted s:shard2 r:core_node4 x:gettingstarted_shard2_replica1] org.apache.solr.core.QuerySenderListener; QuerySenderListener done.
INFO  - 2017-03-17 06:27:14.219; [c:gettingstarted s:shard2 r:core_node4 x:gettingstarted_shard2_replica1] org.apache.solr.handler.component.SpellCheckComponent$SpellCheckerListener; Loading spell index for spellchecker: default
INFO  - 2017-03-17 06:27:14.221; [c:gettingstarted s:shard2 r:core_node4 x:gettingstarted_shard2_replica1] org.apache.solr.core.SolrCore; [gettingstarted_shard2_replica1] Registered new searcher Searcher@755b98fc[gettingstarted_shard2_replica1] main{ExitableDirectoryReader(UninvertingDirectoryReader())}
INFO  - 2017-03-17 06:27:14.224; [c:gettingstarted s:shard2 r:core_node4 x:gettingstarted_shard2_replica1] org.apache.solr.update.UpdateLog; Could not find max version in index or recent updates, using new clock 1562097257518465024
INFO  - 2017-03-17 06:27:14.247; [c:gettingstarted s:shard2 r:core_node4 x:gettingstarted_shard2_replica1] org.apache.solr.update.DefaultSolrCoreState; New IndexWriter is ready to be used.
INFO  - 2017-03-17 06:27:14.248; [c:gettingstarted s:shard2 r:core_node4 x:gettingstarted_shard2_replica1] org.apache.solr.search.SolrIndexSearcher; Opening [Searcher@61963f21[gettingstarted_shard2_replica1] main]
INFO  - 2017-03-17 06:27:14.249; [c:gettingstarted s:shard2 r:core_node4 x:gettingstarted_shard2_replica1] org.apache.solr.core.QuerySenderListener; QuerySenderListener sending requests to Searcher@61963f21[gettingstarted_shard2_replica1] main{ExitableDirectoryReader(UninvertingDirectoryReader())}
INFO  - 2017-03-17 06:27:14.249; [c:gettingstarted s:shard2 r:core_node4 x:gettingstarted_shard2_replica1] org.apache.solr.core.QuerySenderListener; QuerySenderListener done.
INFO  - 2017-03-17 06:27:14.251; [c:gettingstarted s:shard2 r:core_node4 x:gettingstarted_shard2_replica1] org.apache.solr.core.SolrCore; [gettingstarted_shard2_replica1] Registered new searcher Searcher@61963f21[gettingstarted_shard2_replica1] main{ExitableDirectoryReader(UninvertingDirectoryReader())}
INFO  - 2017-03-17 06:27:14.252; [c:gettingstarted s:shard2 r:core_node4 x:gettingstarted_shard2_replica1] org.apache.solr.core.SolrCore; [gettingstarted_shard2_replica1]  CLOSING SolrCore org.apache.solr.core.SolrCore@754dfdb4
INFO  - 2017-03-17 06:27:14.302; [c:gettingstarted s:shard2 r:core_node4 x:gettingstarted_shard2_replica1] org.apache.solr.metrics.SolrMetricManager; Closing metric reporters for: solr.core.gettingstarted.shard2.replica1
INFO  - 2017-03-17 06:28:49.346; [   ] org.apache.solr.schema.ZkIndexSchemaReader$2; A schema change: WatchedEvent state:SyncConnected type:NodeDataChanged path:/configs/gettingstarted/managed-schema, has occurred - updating schema from ZooKeeper ...
INFO  - 2017-03-17 06:28:49.351; [   ] org.apache.solr.schema.ZkIndexSchemaReader; Retrieved schema version 1 from ZooKeeper
INFO  - 2017-03-17 06:28:49.378; [   ] org.apache.solr.schema.ZkIndexSchemaReader$2; A schema change: WatchedEvent state:SyncConnected type:NodeDataChanged path:/configs/gettingstarted/managed-schema, has occurred - updating schema from ZooKeeper ...
INFO  - 2017-03-17 06:28:49.395; [   ] org.apache.solr.schema.ZkIndexSchemaReader; Retrieved schema version 1 from ZooKeeper
INFO  - 2017-03-17 06:28:49.551; [   ] org.apache.solr.schema.IndexSchema; [gettingstarted_shard2_replica1] Schema name=example-data-driven-schema
INFO  - 2017-03-17 06:28:49.560; [   ] org.apache.solr.schema.IndexSchema; [gettingstarted_shard1_replica1] Schema name=example-data-driven-schema
INFO  - 2017-03-17 06:28:52.046; [   ] org.apache.solr.schema.IndexSchema; Loaded schema example-data-driven-schema/1.6 with uniqueid field id
INFO  - 2017-03-17 06:28:52.051; [   ] org.apache.solr.schema.ZkIndexSchemaReader; Finished refreshing schema in 2699 ms
ERROR - 2017-03-17 06:28:52.471; [c:gettingstarted s:shard1 r:core_node3 x:gettingstarted_shard1_replica1] org.apache.solr.schema.ManagedIndexSchema; Bad version when trying to persist schema using 0 due to: org.apache.zookeeper.KeeperException$BadVersionException: KeeperErrorCode = BadVersion for /configs/gettingstarted/managed-schema
INFO  - 2017-03-17 06:28:52.472; [c:gettingstarted s:shard1 r:core_node3 x:gettingstarted_shard1_replica1] org.apache.solr.schema.ManagedIndexSchema; Failed to persist managed schema at /configs/gettingstarted/managed-schema - version mismatch
INFO  - 2017-03-17 06:28:52.724; [   ] org.apache.solr.schema.IndexSchema; Loaded schema example-data-driven-schema/1.6 with uniqueid field id
INFO  - 2017-03-17 06:28:52.747; [   ] org.apache.solr.schema.ZkIndexSchemaReader; Finished refreshing schema in 3351 ms
INFO  - 2017-03-17 06:28:53.209; [c:gettingstarted s:shard1 r:core_node3 x:gettingstarted_shard1_replica1] org.apache.solr.update.processor.LogUpdateProcessorFactory$LogUpdateProcessor; [gettingstarted_shard1_replica1]  webapp=/solr path=/update params={update.distrib=FROMLEADER&update.chain=add-unknown-fields-to-the-schema&distrib.from=http://127.0.1.1:8983/solr/gettingstarted_shard1_replica2/&wt=javabin&version=2}{add=[/en/45_2006 (1562097357250625536)]} 0 2460
INFO  - 2017-03-17 06:28:53.261; [c:gettingstarted s:shard2 r:core_node4 x:gettingstarted_shard2_replica1] org.apache.solr.update.processor.LogUpdateProcessorFactory$LogUpdateProcessor; [gettingstarted_shard2_replica1]  webapp=/solr path=/update params={update.distrib=FROMLEADER&update.chain=add-unknown-fields-to-the-schema&distrib.from=http://127.0.1.1:8983/solr/gettingstarted_shard2_replica2/&wt=javabin&version=2}{add=[/en/300_2007 (1562097361207951360), /en/2046_2004 (1562097361256185856)]} 0 88
INFO  - 2017-03-17 06:28:53.289; [c:gettingstarted s:shard1 r:core_node3 x:gettingstarted_shard1_replica1] org.apache.solr.update.processor.LogUpdateProcessorFactory$LogUpdateProcessor; [gettingstarted_shard1_replica1]  webapp=/solr path=/update params={update.distrib=FROMLEADER&update.chain=add-unknown-fields-to-the-schema&distrib.from=http://127.0.1.1:8983/solr/gettingstarted_shard1_replica2/&wt=javabin&version=2}{add=[/en/9_2005 (1562097358531985408), /en/69_2004 (1562097358576025600)]} 0 72
INFO  - 2017-03-17 06:28:53.517; [c:gettingstarted s:shard1 r:core_node3 x:gettingstarted_shard1_replica1] org.apache.solr.update.DirectUpdateHandler2; start commit{,optimize=false,openSearcher=true,waitSearcher=true,expungeDeletes=false,softCommit=false,prepareCommit=false}
INFO  - 2017-03-17 06:28:53.531; [c:gettingstarted s:shard1 r:core_node3 x:gettingstarted_shard1_replica1] org.apache.solr.update.SolrIndexWriter; Calling setCommitData with IW:org.apache.solr.update.SolrIndexWriter@3a58b9fe
INFO  - 2017-03-17 06:28:53.589; [c:gettingstarted s:shard2 r:core_node4 x:gettingstarted_shard2_replica1] org.apache.solr.update.DirectUpdateHandler2; start commit{,optimize=false,openSearcher=true,waitSearcher=true,expungeDeletes=false,softCommit=false,prepareCommit=false}
INFO  - 2017-03-17 06:28:53.593; [c:gettingstarted s:shard2 r:core_node4 x:gettingstarted_shard2_replica1] org.apache.solr.update.SolrIndexWriter; Calling setCommitData with IW:org.apache.solr.update.SolrIndexWriter@57b885
INFO  - 2017-03-17 06:28:54.265; [c:gettingstarted s:shard2 r:core_node4 x:gettingstarted_shard2_replica1] org.apache.solr.search.SolrIndexSearcher; Opening [Searcher@2e84189[gettingstarted_shard2_replica1] main]
INFO  - 2017-03-17 06:28:54.269; [c:gettingstarted s:shard1 r:core_node3 x:gettingstarted_shard1_replica1] org.apache.solr.search.SolrIndexSearcher; Opening [Searcher@4a871d99[gettingstarted_shard1_replica1] main]
INFO  - 2017-03-17 06:28:54.277; [c:gettingstarted s:shard2 r:core_node4 x:gettingstarted_shard2_replica1] org.apache.solr.core.QuerySenderListener; QuerySenderListener sending requests to Searcher@2e84189[gettingstarted_shard2_replica1] main{ExitableDirectoryReader(UninvertingDirectoryReader(Uninverting(_0(6.4.2):C2)))}
INFO  - 2017-03-17 06:28:54.277; [c:gettingstarted s:shard2 r:core_node4 x:gettingstarted_shard2_replica1] org.apache.solr.core.QuerySenderListener; QuerySenderListener done.
INFO  - 2017-03-17 06:28:54.284; [c:gettingstarted s:shard2 r:core_node4 x:gettingstarted_shard2_replica1] org.apache.solr.core.SolrCore; [gettingstarted_shard2_replica1] Registered new searcher Searcher@2e84189[gettingstarted_shard2_replica1] main{ExitableDirectoryReader(UninvertingDirectoryReader(Uninverting(_0(6.4.2):C2)))}
INFO  - 2017-03-17 06:28:54.296; [c:gettingstarted s:shard1 r:core_node3 x:gettingstarted_shard1_replica1] org.apache.solr.core.QuerySenderListener; QuerySenderListener sending requests to Searcher@4a871d99[gettingstarted_shard1_replica1] main{ExitableDirectoryReader(UninvertingDirectoryReader(Uninverting(_0(6.4.2):C3)))}
INFO  - 2017-03-17 06:28:54.296; [c:gettingstarted s:shard1 r:core_node3 x:gettingstarted_shard1_replica1] org.apache.solr.core.QuerySenderListener; QuerySenderListener done.
INFO  - 2017-03-17 06:28:54.298; [c:gettingstarted s:shard2 r:core_node4 x:gettingstarted_shard2_replica1] org.apache.solr.update.DirectUpdateHandler2; end_commit_flush
INFO  - 2017-03-17 06:28:54.298; [c:gettingstarted s:shard2 r:core_node4 x:gettingstarted_shard2_replica1] org.apache.solr.update.processor.LogUpdateProcessorFactory$LogUpdateProcessor; [gettingstarted_shard2_replica1]  webapp=/solr path=/update params={update.distrib=FROMLEADER&update.chain=add-unknown-fields-to-the-schema&waitSearcher=true&openSearcher=true&commit=true&softCommit=false&distrib.from=http://127.0.1.1:8983/solr/gettingstarted_shard2_replica2/&commit_end_point=true&wt=javabin&version=2&expungeDeletes=false}{commit=} 0 710
INFO  - 2017-03-17 06:28:54.300; [c:gettingstarted s:shard1 r:core_node3 x:gettingstarted_shard1_replica1] org.apache.solr.core.SolrCore; [gettingstarted_shard1_replica1] Registered new searcher Searcher@4a871d99[gettingstarted_shard1_replica1] main{ExitableDirectoryReader(UninvertingDirectoryReader(Uninverting(_0(6.4.2):C3)))}
INFO  - 2017-03-17 06:28:54.301; [c:gettingstarted s:shard1 r:core_node3 x:gettingstarted_shard1_replica1] org.apache.solr.update.DirectUpdateHandler2; end_commit_flush
INFO  - 2017-03-17 06:28:54.316; [c:gettingstarted s:shard1 r:core_node3 x:gettingstarted_shard1_replica1] org.apache.solr.update.processor.LogUpdateProcessorFactory$LogUpdateProcessor; [gettingstarted_shard1_replica1]  webapp=/solr path=/update params={update.distrib=FROMLEADER&update.chain=add-unknown-fields-to-the-schema&waitSearcher=true&openSearcher=true&commit=true&softCommit=false&distrib.from=http://127.0.1.1:8983/solr/gettingstarted_shard2_replica2/&commit_end_point=true&wt=javabin&version=2&expungeDeletes=false}{commit=} 0 806
